node   1  (   0,    0) (   6,    3) (  11,    4) (  11,    5) (   9,    7) (   9,    9) (   9,    9) (   9,    9) (   9,    9) (   9,    9)
          (   9,    9) (   9,    9) (   9,    9) (   9,    9) (   9,    9) (   9,    9) (   9,    9) (   9,    9) (   9,    9) (   9,    9)
          (   9,    9) (   9,    9) (   9,    9) (   9,    9) (   9,    9) (   9,    9) (   9,    9) (   9,    9) (   9,    9) (   9,    9)
          (   9,    9) (   9,    9) (   9,    9) (   9,    9) (   9,    9) (   9,    9) (   9,    9) (   9,    9) (   9,    9) (   9,    9)
          (   9,    9) (   9,    9) (   9,    9) (   9,    9) (   9,    9) (   9,    9) (   9,    9) (   9,    9) (   9,    9) (   9,    9)
          (   9,    9) (   9,    9) (   9,    9) (   9,    9) (   9,    9) (   9,    9) (   9,    9) (   9,    9) (   9,    9) (   9,    9)
          (   9,    9) (   9,    9) (   9,    9) (   9,    9) (   9,    9) (   9,    9) (   9,    9) (   9,    9) (   9,    9) (   9,    9)
          (   9,    9) (   9,    9) (   9,    9) (   9,    9) (   9,    9) (   9,    9) (   9,    9) (   9,    9) (   9,    9) (   9,    9)
          (   9,    9) (   9,    9) (   9,    9) (   9,    9) (   9,    9) (   9,    9) (   9,    9) (   9,    9) (   9,    9) (   9,    9)
          (   9,    9) (   9,    9) (   9,    9) (   9,    9) (   9,    9) (   9,    9) (   9,    9) (   9,    9) (   9,    9) (   9,    9)
          (   9,    9) (   9,    9) (   9,    8) (   9,    8) (   8,    8) (   8,    8) (   8,    8) (   8,    8) (   8,    8) (   8,    8)
          (   8,    8) (   8,    8) (   8,    8) (   8,    8) (   8,    8) (   8,    8) (   8,    8) (   8,    8) (   8,    8) (   8,    8)
          (   8,    8) (   8,    8) (   8,    8) (   8,    8) (   8,    8) (   8,    8) (   8,    8) (   8,    8) (   8,    8) (   8,    8)
          (   8,    8) (   8,    8) (   8,    8) (   8,    8) (   8,    8) (   8,    8) (   8,    8) (   8,    8) (   8,    8) (   8,    8)
          (   8,    8) (   8,    8) (   8,    8) (   8,    8) (   8,    8) (   8,    8) (   8,    8) (   8,    8) (   8,    8) (   8,    8)
          (   8,    8) (   8,    8) (   8,    8) (   8,    8) (   8,    8) (   8,    8) (   8,    8) (   8,    8) (   8,    8) (   8,    8)
          (   8,    8) (   8,    8) (   8,    8) (   8,    8) (   8,    8) (   8,    8) (   8,    8) (   8,    8) (   8,    8) (   8,    8)
          (   8,    8) (   8,    8) (   8,    8) (   8,    8) (   8,    8) (   8,    8) (   8,    8) (   8,    8) (   8,    8) (   8,    8)
          (   8,    8) (   8,    8) (   8,    8) (   8,    8) (   8,    8) (   8,    8) (   8,    8) (   8,    8) (   8,    8) (   8,    8)
          (   8,    8) (   8,    8) (   8,    8) (   8,    8) (   8,    8) (   8,    8) (   8,    8) (   8,    8) (   8,    8) (   8,    8)
          (   8,    8) (   8,    8) (   8,    8) (   8,    8) (   8,    8) (   8,    8) (   8,    8) (   8,    8) (   8,    8) (   8,    8)
          (   8,    8) (   8,    8) (   8,    8) (   8,    8) (   8,    8) (   8,    8) (   8,    8) (   8,    8) (   8,    8) (   8,    8)
          (   8,    8) (   8,    8) (   8,    8) (   8,    8) (   8,    8) (   8,    8) (   8,    8) (   8,    8) (   8,    8) (   8,    8)
          (   8,    8) (   8,    8) (   8,    8) (   8,    8) (   8,    8) (   8,    8) (   8,    8) (   8,    8) (   8,    8) (   8,    8)
          (   8,    8) (   8,    8) (   8,    8) (   8,    8) (   8,    8) (   8,    8) (   8,    8) (   8,    8) (   8,    8) (   8,    8)
          (   8,    8) (   8,    8) (   8,    8) (   8,    8) (   8,    8) (   8,    8) (   8,    8) (   8,    8) (   8,    8) (   8,    8)
          (   8,    8) (   8,    8) (   8,    8) (   8,    8) (   8,    8) (   8,    8) (   8,    8) (   8,    8) (   8,    8) (   8,    8)
          (   8,    8) (   8,    8) (   8,    8) (   8,    8) (   8,    8) (   8,    8) (   8,    8) (   8,    8) (   8,    8) (   8,    8)
          (   8,    8) (   8,    8) (   8,    8) (   8,    8) (   8,    8) (   8,    8) (   8,    8) (   8,    8) (   8,    8) (   8,    8)
          (   8,    8) (   8,    8) (   8,    8) (   8,    8) (   8,    8) (   8,    8) (   8,    8) (   8,    8) (   8,    8) (   8,    8)
          (   8,    8) (   8,    8) (   8,    8) (   8,    8) (   8,    8) (   8,    8) (   8,    8) (   8,    8) (   8,    8) (   8,    8)
          (   8,    8) (   8,    8) (   8,    8) (   8,    8) (   8,    8) (   8,    8) (   8,    8) (   8,    8) (   8,    8) (   8,    8)
          (   8,    8) (   8,    8) (   8,    8) (   8,    8) (   8,    8) (   8,    8) (   8,    8) (   8,    8) (   8,    8) (   8,    8)
          (   8,    8) (   8,    8) (   8,    8) (   8,    8) (   8,    8) (   8,    8) (   8,    8) (   8,    8) (   8,    8) (   8,    8)
          (   8,    8) (   8,    8) (   8,    8) (   8,    8) (   8,    8) (   8,    8) (   8,    8) (   8,    8) (   8,    8) (   8,    8)
          (   8,    8) (   8,    8) (   8,    8) (   8,    8) (   8,    8) (   8,    8) (   8,    8) (   8,    8) (   8,    8) (   8,    8)
          (   8,    8) (   8,    8) (   8,    8) (   8,    8) (   8,    8) (   8,    8) (   8,    8) (   8,    8) (   8,    8) (   8,    8)
          (   8,    8) (   8,    8) (   8,    8) (   8,    8) (   8,    8) (   8,    8) (   8,    8) (   8,    8) (   8,    8) (   8,    8)
          (   8,    8) (   8,    8) (   8,    8) (   8,    8) (   8,    8) (   8,    8) (   8,    8) (   8,    8) (   8,    8) (   8,    8)
          (   8,    8) (   8,    8) (   8,    8) (   8,    8) (   8,    8) (   8,    8) (   8,    8) (   8,    8) (   8,    8) (   8,    8)
          (   8,    8) (   8,    8) (   8,    8) (   8,    8) (   8,    8) (   8,    8) (   8,    8) (   8,    8) (   8,    8) (   8,    8)
          (   8,    8) (   8,    8) (   8,    8) (   8,    8) (   8,    8) (   8,    8) (   8,    8) (   8,    8) (   8,    8) (   8,    8)
          (   8,    8) (   8,    8) (   8,    8) (   8,    8) (   8,    8) (   8,    8) (   8,    8) (   8,    8) (   8,    8) (   8,    8)
          (   8,    8) (   8,    8) (   8,    8) (   8,    8) (   8,    8) (   8,    8) (   8,    8) (   8,    8) (   8,    8) (   8,    8)
          (   8,    8) (   8,    8) (   8,    8) (   8,    8) (   8,    8) (   8,    8) (   8,    8) (   8,    8) (   8,    8) (   8,    8)
          (   8,    8) (   8,    8) (   8,    8) (   8,    8) (   8,    8) (   8,    8) (   8,    8) (   8,    8) (   8,    8) (   8,    8)
          (   8,    8) (   8,    8) (   8,    8) (   8,    8) (   8,    8) (   8,    8) (   8,    8) (   8,    8) (   8,    8) (   8,    8)
          (   8,    8) (   8,    8) (   8,    8) (   8,    8) (   8,    8) (   8,    8) (   8,    8) (   8,    8) (   8,    8) (   8,    8)
          (   8,    8) (   8,    8) (   8,    8) (   8,    8) (   8,    8) (   8,    8) (   8,    8) (   8,    8) (   8,    8) (   8,    8)
          (   8,    8) (   8,    8) (   8,    8) (   8,    8) (   8,    8) (   8,    8) (   8,    8) (   8,    8) (   8,    8) (   8,    8)
          (   8,    8) (   8,    8) (   8,    8) (   8,    8) (   8,    8) (   8,    8) (   8,    8) (   8,    8) (   8,    8) (   8,    8)
          (   8,    8) (   8,    8) (   8,    8) (   8,    8) (   8,    8) (   8,    8) (   8,    8) (   8,    8) (   8,    8) (   8,    8)
          (   8,    8) (   8,    8) (   8,    8) (   8,    8) (   8,    8) (   8,    8) (   8,    8) (   8,    8) (   8,    8) (   8,    8)
          (   8,    8) (   8,    8) (   8,    8) (   8,    8) (   8,    8) (   8,    8) (   8,    8) (   8,    8) (   8,    8) (   8,    8)
          (   8,    8) (   8,    8) (   8,    8) (   8,    8) (   8,    8) (   8,    8) (   8,    8) (   8,    8) (   8,    8) (   8,    8)
          (   8,    8) (   8,    8) (   8,    8) (   8,    8) (   8,    8) (   8,    8) (   8,    8) (   8,    8) (   8,    8) (   8,    8)
          (   8,    8) (   8,    8) (   8,    8) (   8,    8) (   8,    8) (   8,    8) (   8,    8) (   8,    8) (   8,    8) (   8,    8)
          (   8,    8) (   8,    8) (   8,    8) (   8,    8) (   8,    8) (   8,    8) (   8,    8) (   8,    8) (   8,    8) (   8,    8)
          (   8,    8) (   8,    8) (   8,    8) (   8,    8) (   8,    8) (   8,    8) (   8,    8) (   8,    8) (   8,    8) (   8,    8)
          (   8,    8) (   8,    8) (   8,    8) (   8,    8) (   8,    8) (   8,    8) (   8,    8) (   8,    8) (   8,    8) (   8,    8)
          (   8,    8) (   8,    8) (   8,    8) (   8,    8) (   8,    8) (   8,    8) (   8,    8) (   8,    8) (   8,    8) (   8,    8)
          (   8,    8) (   8,    8) (   8,    8) (   8,    8) (   8,    8) (   8,    8) (   8,    8) (   8,    8) (   8,    8) (   8,    8)
          (   8,    8) (   8,    8) (   8,    8) (   8,    8) (   8,    8) (   8,    8) (   8,    8) (   8,    8) (   8,    8) (   8,    8)
          (   8,    8) (   8,    8) (   8,    8) (   8,    8) (   8,    8) (   8,    8) (   8,    8) (   8,    8) (   8,    8) (   8,    8)
          (   8,    8) (   8,    8) (   8,    8) (   8,    8) (   8,    8) (   8,    8) (   8,    8) (   8,    8) (   8,    8) (   8,    8)
          (   8,    8) (   8,    8) (   8,    8) (   8,    8) (   8,    8) (   8,    8) (   8,    8) (   8,    8) (   8,    8) (   8,    8)
          (   8,    8) (   8,    8) (   8,    8) (   8,    8) (   8,    8) (   8,    8) (   8,    8) (   8,    8) (   8,    8) (   8,    8)
          (   8,    8) (   8,    8) (   8,    8) (   8,    8) (   8,    8) (   8,    8) (   8,    8) (   8,    8) (   8,    8) (   8,    8)
          (   8,    8) (   8,    8) (   8,    8) (   8,    8) (   8,    8) (   8,    8) (   8,    8) (   8,    8) (   8,    8) (   8,    8)
          (   8,    8) (   8,    8) (   8,    8) (   8,    8) (   8,    8) (   8,    8) (   8,    8) (   8,    8) (   8,    8) (   8,    8)
         
node   1 sent_total   5696  recv_total   5676

node   2  (   1,    0) (   0,    0) (   1,    2) (   3,    3) (   7,    7) (   9,    9) (   9,    9) (   9,    9) (   9,    9) (   9,    9)
          (   9,    9) (   9,    9) (   9,    9) (   9,    9) (   9,    9) (   9,    9) (   9,    9) (   9,    9) (   9,    9) (   9,    9)
          (   9,    9) (   9,    9) (   9,    9) (   9,    9) (   9,    9) (   9,    9) (   9,    9) (   9,    9) (   9,    9) (   9,    9)
          (   9,    9) (   9,    9) (   9,    9) (   9,    9) (   9,    9) (   9,    9) (   9,    9) (   9,    9) (   9,    9) (   9,    9)
          (   9,    9) (   9,    9) (   9,    9) (   9,    9) (   9,    9) (   9,    9) (   9,    9) (   9,    9) (   9,    9) (   9,    9)
          (   9,    9) (   9,    9) (   9,    9) (   9,    9) (   9,    9) (   9,    9) (   9,    9) (   9,    9) (   9,    9) (   9,    9)
          (   9,    9) (   9,    9) (   9,    9) (   9,    9) (   9,    9) (   9,    9) (   9,    9) (   9,    9) (   9,    9) (   9,    9)
          (   9,    9) (   9,    9) (   9,    9) (   9,    9) (   9,    9) (   9,    9) (   9,    9) (   9,    9) (   9,    9) (   9,    9)
          (   9,    9) (   9,    9) (   9,    9) (   9,    9) (   9,    9) (   9,    9) (   9,    9) (   9,    9) (   9,    9) (   9,    9)
          (   9,    9) (   9,    9) (   9,    9) (   9,    9) (   9,    9) (   9,    9) (   9,    9) (   9,    9) (   9,    9) (   9,    9)
          (   9,    9) (   9,    9) (   9,    8) (   9,    8) (   8,    8) (   8,    8) (   8,    8) (   8,    8) (   8,    8) (   8,    8)
          (   8,    8) (   8,    8) (   8,    8) (   8,    8) (   8,    8) (   8,    8) (   8,    8) (   8,    8) (   8,    8) (   8,    8)
          (   8,    8) (   8,    8) (   8,    8) (   8,    8) (   8,    8) (   8,    8) (   8,    8) (   8,    8) (   8,    8) (   8,    8)
          (   8,    8) (   8,    8) (   8,    8) (   8,    8) (   8,    8) (   8,    8) (   8,    8) (   8,    8) (   8,    8) (   8,    8)
          (   8,    8) (   8,    8) (   8,    8) (   8,    8) (   8,    8) (   8,    8) (   8,    8) (   8,    8) (   8,    8) (   8,    8)
          (   8,    8) (   8,    8) (   8,    8) (   8,    8) (   8,    8) (   8,    8) (   8,    8) (   8,    8) (   8,    8) (   8,    8)
          (   8,    8) (   8,    8) (   8,    8) (   8,    8) (   8,    8) (   8,    8) (   8,    8) (   8,    8) (   8,    8) (   8,    8)
          (   8,    8) (   8,    8) (   8,    8) (   8,    8) (   8,    8) (   8,    8) (   8,    8) (   8,    8) (   8,    8) (   8,    8)
          (   8,    8) (   8,    8) (   8,    8) (   8,    8) (   8,    8) (   8,    8) (   8,    8) (   8,    8) (   8,    8) (   8,    8)
          (   8,    8) (   8,    8) (   8,    8) (   8,    8) (   8,    8) (   8,    8) (   8,    8) (   8,    8) (   8,    8) (   8,    8)
          (   8,    8) (   8,    8) (   8,    8) (   8,    8) (   8,    8) (   8,    8) (   8,    8) (   8,    8) (   8,    8) (   8,    8)
          (   8,    8) (   8,    8) (   8,    8) (   8,    8) (   8,    8) (   8,    8) (   8,    8) (   8,    8) (   8,    8) (   8,    8)
          (   8,    8) (   8,    8) (   8,    8) (   8,    8) (   8,    8) (   8,    8) (   8,    8) (   8,    8) (   8,    8) (   8,    8)
          (   8,    8) (   8,    8) (   8,    8) (   8,    8) (   8,    8) (   8,    8) (   8,    8) (   8,    8) (   8,    8) (   8,    8)
          (   8,    8) (   8,    8) (   8,    8) (   8,    8) (   8,    8) (   8,    8) (   8,    8) (   8,    8) (   8,    8) (   8,    8)
          (   8,    8) (   8,    8) (   8,    8) (   8,    8) (   8,    8) (   8,    8) (   8,    8) (   8,    8) (   8,    8) (   8,    8)
          (   8,    8) (   8,    8) (   8,    8) (   8,    8) (   8,    8) (   8,    8) (   8,    8) (   8,    8) (   8,    8) (   8,    8)
          (   8,    8) (   8,    8) (   8,    8) (   8,    8) (   8,    8) (   8,    8) (   8,    8) (   8,    8) (   8,    8) (   8,    8)
          (   8,    8) (   8,    8) (   8,    8) (   8,    8) (   8,    8) (   8,    8) (   8,    8) (   8,    8) (   8,    8) (   8,    8)
          (   8,    8) (   8,    8) (   8,    8) (   8,    8) (   8,    8) (   8,    8) (   8,    8) (   8,    8) (   8,    8) (   8,    8)
          (   8,    8) (   8,    8) (   8,    8) (   8,    8) (   8,    8) (   8,    8) (   8,    8) (   8,    8) (   8,    8) (   8,    8)
          (   8,    8) (   8,    8) (   8,    8) (   8,    8) (   8,    8) (   8,    8) (   8,    8) (   8,    8) (   8,    8) (   8,    8)
          (   8,    8) (   8,    8) (   8,    8) (   8,    8) (   8,    8) (   8,    8) (   8,    8) (   8,    8) (   8,    8) (   8,    8)
          (   8,    8) (   8,    8) (   8,    8) (   8,    8) (   8,    8) (   8,    8) (   8,    8) (   8,    8) (   8,    8) (   8,    8)
          (   8,    8) (   8,    8) (   8,    8) (   8,    8) (   8,    8) (   8,    8) (   8,    8) (   8,    8) (   8,    8) (   8,    8)
          (   8,    8) (   8,    8) (   8,    8) (   8,    8) (   8,    8) (   8,    8) (   8,    8) (   8,    8) (   8,    8) (   8,    8)
          (   8,    8) (   8,    8) (   8,    8) (   8,    8) (   8,    8) (   8,    8) (   8,    8) (   8,    8) (   8,    8) (   8,    8)
          (   8,    8) (   8,    8) (   8,    8) (   8,    8) (   8,    8) (   8,    8) (   8,    8) (   8,    8) (   8,    8) (   8,    8)
          (   8,    8) (   8,    8) (   8,    8) (   8,    8) (   8,    8) (   8,    8) (   8,    8) (   8,    8) (   8,    8) (   8,    8)
          (   8,    8) (   8,    8) (   8,    8) (   8,    8) (   8,    8) (   8,    8) (   8,    8) (   8,    8) (   8,    8) (   8,    8)
          (   8,    8) (   8,    8) (   8,    8) (   8,    8) (   8,    8) (   8,    8) (   8,    8) (   8,    8) (   8,    8) (   8,    8)
          (   8,    8) (   8,    8) (   8,    8) (   8,    8) (   8,    8) (   8,    8) (   8,    8) (   8,    8) (   8,    8) (   8,    8)
          (   8,    8) (   8,    8) (   8,    8) (   8,    8) (   8,    8) (   8,    8) (   8,    8) (   8,    8) (   8,    8) (   8,    8)
          (   8,    8) (   8,    8) (   8,    8) (   8,    8) (   8,    8) (   8,    8) (   8,    8) (   8,    8) (   8,    8) (   8,    8)
          (   8,    8) (   8,    8) (   8,    8) (   8,    8) (   8,    8) (   8,    8) (   8,    8) (   8,    8) (   8,    8) (   8,    8)
          (   8,    8) (   8,    8) (   8,    8) (   8,    8) (   8,    8) (   8,    8) (   8,    8) (   8,    8) (   8,    8) (   8,    8)
          (   8,    8) (   8,    8) (   8,    8) (   8,    8) (   8,    8) (   8,    8) (   8,    8) (   8,    8) (   8,    8) (   8,    8)
          (   8,    8) (   8,    8) (   8,    8) (   8,    8) (   8,    8) (   8,    8) (   8,    8) (   8,    8) (   8,    8) (   8,    8)
          (   8,    8) (   8,    8) (   8,    8) (   8,    8) (   8,    8) (   8,    8) (   8,    8) (   8,    8) (   8,    8) (   8,    8)
          (   8,    8) (   8,    8) (   8,    8) (   8,    8) (   8,    8) (   8,    8) (   8,    8) (   8,    8) (   8,    8) (   8,    8)
          (   8,    8) (   8,    8) (   8,    8) (   8,    8) (   8,    8) (   8,    8) (   8,    8) (   8,    8) (   8,    8) (   8,    8)
          (   8,    8) (   8,    8) (   8,    8) (   8,    8) (   8,    8) (   8,    8) (   8,    8) (   8,    8) (   8,    8) (   8,    8)
          (   8,    8) (   8,    8) (   8,    8) (   8,    8) (   8,    8) (   8,    8) (   8,    8) (   8,    8) (   8,    8) (   8,    8)
          (   8,    8) (   8,    8) (   8,    8) (   8,    8) (   8,    8) (   8,    8) (   8,    8) (   8,    8) (   8,    8) (   8,    8)
          (   8,    8) (   8,    8) (   8,    8) (   8,    8) (   8,    8) (   8,    8) (   8,    8) (   8,    8) (   8,    8) (   8,    8)
          (   8,    8) (   8,    8) (   8,    8) (   8,    8) (   8,    8) (   8,    8) (   8,    8) (   8,    8) (   8,    8) (   8,    8)
          (   8,    8) (   8,    8) (   8,    8) (   8,    8) (   8,    8) (   8,    8) (   8,    8) (   8,    8) (   8,    8) (   8,    8)
          (   8,    8) (   8,    8) (   8,    8) (   8,    8) (   8,    8) (   8,    8) (   8,    8) (   8,    8) (   8,    8) (   8,    8)
          (   8,    8) (   8,    8) (   8,    8) (   8,    8) (   8,    8) (   8,    8) (   8,    8) (   8,    8) (   8,    8) (   8,    8)
          (   8,    8) (   8,    8) (   8,    8) (   8,    8) (   8,    8) (   8,    8) (   8,    8) (   8,    8) (   8,    8) (   8,    8)
          (   8,    8) (   8,    8) (   8,    8) (   8,    8) (   8,    8) (   8,    8) (   8,    8) (   8,    8) (   8,    8) (   8,    8)
          (   8,    8) (   8,    8) (   8,    8) (   8,    8) (   8,    8) (   8,    8) (   8,    8) (   8,    8) (   8,    8) (   8,    8)
          (   8,    8) (   8,    8) (   8,    8) (   8,    8) (   8,    8) (   8,    8) (   8,    8) (   8,    8) (   8,    8) (   8,    8)
          (   8,    8) (   8,    8) (   8,    8) (   8,    8) (   8,    8) (   8,    8) (   8,    8) (   8,    8) (   8,    8) (   8,    8)
          (   8,    8) (   8,    8) (   8,    8) (   8,    8) (   8,    8) (   8,    8) (   8,    8) (   8,    8) (   8,    8) (   8,    8)
          (   8,    8) (   8,    8) (   8,    8) (   8,    8) (   8,    8) (   8,    8) (   8,    8) (   8,    8) (   8,    8) (   8,    8)
          (   8,    8) (   8,    8) (   8,    8) (   8,    8) (   8,    8) (   8,    8) (   8,    8) (   8,    8) (   8,    8) (   8,    8)
          (   8,    8) (   8,    8) (   8,    8) (   8,    8) (   8,    8) (   8,    8) (   8,    8) (   8,    8) (   8,    8) (   8,    8)
          (   8,    8) (   8,    8) (   8,    8) (   8,    8) (   8,    8) (   8,    8) (   8,    8) (   8,    8) (   8,    8) (   8,    8)
          (   8,    8) (   8,    8) (   8,    8) (   8,    8) (   8,    8) (   8,    8) (   8,    8) (   8,    8) (   8,    8) (   8,    8)
         
node   2 sent_total   5671  recv_total   5669

node   3  (   1,    0) (   0,    0) (   2,    2) (   3,    2) (   7,    7) (   9,    9) (   9,    9) (   9,    9) (   9,    9) (   9,    9)
          (   9,    9) (   9,    9) (   9,    9) (   9,    9) (   9,    9) (   9,    9) (   9,    9) (   9,    9) (   9,    9) (   9,    9)
          (   9,    9) (   9,    9) (   9,    9) (   9,    9) (   9,    9) (   9,    9) (   9,    9) (   9,    9) (   9,    9) (   9,    9)
          (   9,    9) (   9,    9) (   9,    9) (   9,    9) (   9,    9) (   9,    9) (   9,    9) (   9,    9) (   9,    9) (   9,    9)
          (   9,    9) (   9,    9) (   9,    9) (   9,    9) (   9,    9) (   9,    9) (   9,    9) (   9,    9) (   9,    9) (   9,    9)
          (   9,    9) (   9,    9) (   9,    9) (   9,    9) (   9,    9) (   9,    9) (   9,    9) (   9,    9) (   9,    9) (   9,    9)
          (   9,    9) (   9,    9) (   9,    9) (   9,    9) (   9,    9) (   9,    9) (   9,    9) (   9,    9) (   9,    9) (   9,    9)
          (   9,    9) (   9,    9) (   9,    9) (   9,    9) (   9,    9) (   9,    9) (   9,    9) (   9,    9) (   9,    9) (   9,    9)
          (   9,    9) (   9,    9) (   9,    9) (   9,    9) (   9,    9) (   9,    9) (   9,    9) (   9,    9) (   9,    9) (   9,    9)
          (   9,    9) (   9,    9) (   9,    9) (   9,    9) (   9,    9) (   9,    9) (   9,    9) (   9,    9) (   9,    9) (   9,    9)
          (   9,    9) (   9,    9) (   9,    8) (   9,    8) (   8,    8) (   8,    8) (   8,    8) (   8,    8) (   8,    8) (   8,    8)
          (   8,    8) (   8,    8) (   8,    8) (   8,    8) (   8,    8) (   8,    8) (   8,    8) (   8,    8) (   8,    8) (   8,    8)
          (   8,    8) (   8,    8) (   8,    8) (   8,    8) (   8,    8) (   8,    8) (   8,    8) (   8,    8) (   8,    8) (   8,    8)
          (   8,    8) (   8,    8) (   8,    8) (   8,    8) (   8,    8) (   8,    8) (   8,    8) (   8,    8) (   8,    8) (   8,    8)
          (   8,    8) (   8,    8) (   8,    8) (   8,    8) (   8,    8) (   8,    8) (   8,    8) (   8,    8) (   8,    8) (   8,    8)
          (   8,    8) (   8,    8) (   8,    8) (   8,    8) (   8,    8) (   8,    8) (   8,    8) (   8,    8) (   8,    8) (   8,    8)
          (   8,    8) (   8,    8) (   8,    8) (   8,    8) (   8,    8) (   8,    8) (   8,    8) (   8,    8) (   8,    8) (   8,    8)
          (   8,    8) (   8,    8) (   8,    8) (   8,    8) (   8,    8) (   8,    8) (   8,    8) (   8,    8) (   8,    8) (   8,    8)
          (   8,    8) (   8,    8) (   8,    8) (   8,    8) (   8,    8) (   8,    8) (   8,    8) (   8,    8) (   8,    8) (   8,    8)
          (   8,    8) (   8,    8) (   8,    8) (   8,    8) (   8,    8) (   8,    8) (   8,    8) (   8,    8) (   8,    8) (   8,    8)
          (   8,    8) (   8,    8) (   8,    8) (   8,    8) (   8,    8) (   8,    8) (   8,    8) (   8,    8) (   8,    8) (   8,    8)
          (   8,    8) (   8,    8) (   8,    8) (   8,    8) (   8,    8) (   8,    8) (   8,    8) (   8,    8) (   8,    8) (   8,    8)
          (   8,    8) (   8,    8) (   8,    8) (   8,    8) (   8,    8) (   8,    8) (   8,    8) (   8,    8) (   8,    8) (   8,    8)
          (   8,    8) (   8,    8) (   8,    8) (   8,    8) (   8,    8) (   8,    8) (   8,    8) (   8,    8) (   8,    8) (   8,    8)
          (   8,    8) (   8,    8) (   8,    8) (   8,    8) (   8,    8) (   8,    8) (   8,    8) (   8,    8) (   8,    8) (   8,    8)
          (   8,    8) (   8,    8) (   8,    8) (   8,    8) (   8,    8) (   8,    8) (   8,    8) (   8,    8) (   8,    8) (   8,    8)
          (   8,    8) (   8,    8) (   8,    8) (   8,    8) (   8,    8) (   8,    8) (   8,    8) (   8,    8) (   8,    8) (   8,    8)
          (   8,    8) (   8,    8) (   8,    8) (   8,    8) (   8,    8) (   8,    8) (   8,    8) (   8,    8) (   8,    8) (   8,    8)
          (   8,    8) (   8,    8) (   8,    8) (   8,    8) (   8,    8) (   8,    8) (   8,    8) (   8,    8) (   8,    8) (   8,    8)
          (   8,    8) (   8,    8) (   8,    8) (   8,    8) (   8,    8) (   8,    8) (   8,    8) (   8,    8) (   8,    8) (   8,    8)
          (   8,    8) (   8,    8) (   8,    8) (   8,    8) (   8,    8) (   8,    8) (   8,    8) (   8,    8) (   8,    8) (   8,    8)
          (   8,    8) (   8,    8) (   8,    8) (   8,    8) (   8,    8) (   8,    8) (   8,    8) (   8,    8) (   8,    8) (   8,    8)
          (   8,    8) (   8,    8) (   8,    8) (   8,    8) (   8,    8) (   8,    8) (   8,    8) (   8,    8) (   8,    8) (   8,    8)
          (   8,    8) (   8,    8) (   8,    8) (   8,    8) (   8,    8) (   8,    8) (   8,    8) (   8,    8) (   8,    8) (   8,    8)
          (   8,    8) (   8,    8) (   8,    8) (   8,    8) (   8,    8) (   8,    8) (   8,    8) (   8,    8) (   8,    8) (   8,    8)
          (   8,    8) (   8,    8) (   8,    8) (   8,    8) (   8,    8) (   8,    8) (   8,    8) (   8,    8) (   8,    8) (   8,    8)
          (   8,    8) (   8,    8) (   8,    8) (   8,    8) (   8,    8) (   8,    8) (   8,    8) (   8,    8) (   8,    8) (   8,    8)
          (   8,    8) (   8,    8) (   8,    8) (   8,    8) (   8,    8) (   8,    8) (   8,    8) (   8,    8) (   8,    8) (   8,    8)
          (   8,    8) (   8,    8) (   8,    8) (   8,    8) (   8,    8) (   8,    8) (   8,    8) (   8,    8) (   8,    8) (   8,    8)
          (   8,    8) (   8,    8) (   8,    8) (   8,    8) (   8,    8) (   8,    8) (   8,    8) (   8,    8) (   8,    8) (   8,    8)
          (   8,    8) (   8,    8) (   8,    8) (   8,    8) (   8,    8) (   8,    8) (   8,    8) (   8,    8) (   8,    8) (   8,    8)
          (   8,    8) (   8,    8) (   8,    8) (   8,    8) (   8,    8) (   8,    8) (   8,    8) (   8,    8) (   8,    8) (   8,    8)
          (   8,    8) (   8,    8) (   8,    8) (   8,    8) (   8,    8) (   8,    8) (   8,    8) (   8,    8) (   8,    8) (   8,    8)
          (   8,    8) (   8,    8) (   8,    8) (   8,    8) (   8,    8) (   8,    8) (   8,    8) (   8,    8) (   8,    8) (   8,    8)
          (   8,    8) (   8,    8) (   8,    8) (   8,    8) (   8,    8) (   8,    8) (   8,    8) (   8,    8) (   8,    8) (   8,    8)
          (   8,    8) (   8,    8) (   8,    8) (   8,    8) (   8,    8) (   8,    8) (   8,    8) (   8,    8) (   8,    8) (   8,    8)
          (   8,    8) (   8,    8) (   8,    8) (   8,    8) (   8,    8) (   8,    8) (   8,    8) (   8,    8) (   8,    8) (   8,    8)
          (   8,    8) (   8,    8) (   8,    8) (   8,    8) (   8,    8) (   8,    8) (   8,    8) (   8,    8) (   8,    8) (   8,    8)
          (   8,    8) (   8,    8) (   8,    8) (   8,    8) (   8,    8) (   8,    8) (   8,    8) (   8,    8) (   8,    8) (   8,    8)
          (   8,    8) (   8,    8) (   8,    8) (   8,    8) (   8,    8) (   8,    8) (   8,    8) (   8,    8) (   8,    8) (   8,    8)
          (   8,    8) (   8,    8) (   8,    8) (   8,    8) (   8,    8) (   8,    8) (   8,    8) (   8,    8) (   8,    8) (   8,    8)
          (   8,    8) (   8,    8) (   8,    8) (   8,    8) (   8,    8) (   8,    8) (   8,    8) (   8,    8) (   8,    8) (   8,    8)
          (   8,    8) (   8,    8) (   8,    8) (   8,    8) (   8,    8) (   8,    8) (   8,    8) (   8,    8) (   8,    8) (   8,    8)
          (   8,    8) (   8,    8) (   8,    8) (   8,    8) (   8,    8) (   8,    8) (   8,    8) (   8,    8) (   8,    8) (   8,    8)
          (   8,    8) (   8,    8) (   8,    8) (   8,    8) (   8,    8) (   8,    8) (   8,    8) (   8,    8) (   8,    8) (   8,    8)
          (   8,    8) (   8,    8) (   8,    8) (   8,    8) (   8,    8) (   8,    8) (   8,    8) (   8,    8) (   8,    8) (   8,    8)
          (   8,    8) (   8,    8) (   8,    8) (   8,    8) (   8,    8) (   8,    8) (   8,    8) (   8,    8) (   8,    8) (   8,    8)
          (   8,    8) (   8,    8) (   8,    8) (   8,    8) (   8,    8) (   8,    8) (   8,    8) (   8,    8) (   8,    8) (   8,    8)
          (   8,    8) (   8,    8) (   8,    8) (   8,    8) (   8,    8) (   8,    8) (   8,    8) (   8,    8) (   8,    8) (   8,    8)
          (   8,    8) (   8,    8) (   8,    8) (   8,    8) (   8,    8) (   8,    8) (   8,    8) (   8,    8) (   8,    8) (   8,    8)
          (   8,    8) (   8,    8) (   8,    8) (   8,    8) (   8,    8) (   8,    8) (   8,    8) (   8,    8) (   8,    8) (   8,    8)
          (   8,    8) (   8,    8) (   8,    8) (   8,    8) (   8,    8) (   8,    8) (   8,    8) (   8,    8) (   8,    8) (   8,    8)
          (   8,    8) (   8,    8) (   8,    8) (   8,    8) (   8,    8) (   8,    8) (   8,    8) (   8,    8) (   8,    8) (   8,    8)
          (   8,    8) (   8,    8) (   8,    8) (   8,    8) (   8,    8) (   8,    8) (   8,    8) (   8,    8) (   8,    8) (   8,    8)
          (   8,    8) (   8,    8) (   8,    8) (   8,    8) (   8,    8) (   8,    8) (   8,    8) (   8,    8) (   8,    8) (   8,    8)
          (   8,    8) (   8,    8) (   8,    8) (   8,    8) (   8,    8) (   8,    8) (   8,    8) (   8,    8) (   8,    8) (   8,    8)
          (   8,    8) (   8,    8) (   8,    8) (   8,    8) (   8,    8) (   8,    8) (   8,    8) (   8,    8) (   8,    8) (   8,    8)
          (   8,    8) (   8,    8) (   8,    8) (   8,    8) (   8,    8) (   8,    8) (   8,    8) (   8,    8) (   8,    8) (   8,    8)
          (   8,    8) (   8,    8) (   8,    8) (   8,    8) (   8,    8) (   8,    8) (   8,    8) (   8,    8) (   8,    8) (   8,    8)
          (   8,    8) (   8,    8) (   8,    8) (   8,    8) (   8,    8) (   8,    8) (   8,    8) (   8,    8) (   8,    8) (   8,    8)
         
node   3 sent_total   5672  recv_total   5668

node   4  (   1,    0) (   0,    0) (   3,    2) (   3,    1) (   7,    7) (   9,    9) (   9,    9) (   9,    9) (   9,    9) (   9,    9)
          (   9,    9) (   9,    9) (   9,    9) (   9,    9) (   9,    9) (   9,    9) (   9,    9) (   9,    9) (   9,    9) (   9,    9)
          (   9,    9) (   9,    9) (   9,    9) (   9,    9) (   9,    9) (   9,    9) (   9,    9) (   9,    9) (   9,    9) (   9,    9)
          (   9,    9) (   9,    9) (   9,    9) (   9,    9) (   9,    9) (   9,    9) (   9,    9) (   9,    9) (   9,    9) (   9,    9)
          (   9,    9) (   9,    9) (   9,    9) (   9,    9) (   9,    9) (   9,    9) (   9,    9) (   9,    9) (   9,    9) (   9,    9)
          (   9,    9) (   9,    9) (   9,    9) (   9,    9) (   9,    9) (   9,    9) (   9,    9) (   9,    9) (   9,    9) (   9,    9)
          (   9,    9) (   9,    9) (   9,    9) (   9,    9) (   9,    9) (   9,    9) (   9,    9) (   9,    9) (   9,    9) (   9,    9)
          (   9,    9) (   9,    9) (   9,    9) (   9,    9) (   9,    9) (   9,    9) (   9,    9) (   9,    9) (   9,    9) (   9,    9)
          (   9,    9) (   9,    9) (   9,    9) (   9,    9) (   9,    9) (   9,    9) (   9,    9) (   9,    9) (   9,    9) (   9,    9)
          (   9,    9) (   9,    9) (   9,    9) (   9,    9) (   9,    9) (   9,    9) (   9,    9) (   9,    9) (   9,    9) (   9,    9)
          (   9,    9) (   9,    9) (   9,    8) (   9,    8) (   8,    8) (   8,    8) (   8,    8) (   8,    8) (   8,    8) (   8,    8)
          (   8,    8) (   8,    8) (   8,    8) (   8,    8) (   8,    8) (   8,    8) (   8,    8) (   8,    8) (   8,    8) (   8,    8)
          (   8,    8) (   8,    8) (   8,    8) (   8,    8) (   8,    8) (   8,    8) (   8,    8) (   8,    8) (   8,    8) (   8,    8)
          (   8,    8) (   8,    8) (   8,    8) (   8,    8) (   8,    8) (   8,    8) (   8,    8) (   8,    8) (   8,    8) (   8,    8)
          (   8,    8) (   8,    8) (   8,    8) (   8,    8) (   8,    8) (   8,    8) (   8,    8) (   8,    8) (   8,    8) (   8,    8)
          (   8,    8) (   8,    8) (   8,    8) (   8,    8) (   8,    8) (   8,    8) (   8,    8) (   8,    8) (   8,    8) (   8,    8)
          (   8,    8) (   8,    8) (   8,    8) (   8,    8) (   8,    8) (   8,    8) (   8,    8) (   8,    8) (   8,    8) (   8,    8)
          (   8,    8) (   8,    8) (   8,    8) (   8,    8) (   8,    8) (   8,    8) (   8,    8) (   8,    8) (   8,    8) (   8,    8)
          (   8,    8) (   8,    8) (   8,    8) (   8,    8) (   8,    8) (   8,    8) (   8,    8) (   8,    8) (   8,    8) (   8,    8)
          (   8,    8) (   8,    8) (   8,    8) (   8,    8) (   8,    8) (   8,    8) (   8,    8) (   8,    8) (   8,    8) (   8,    8)
          (   8,    8) (   8,    8) (   8,    8) (   8,    8) (   8,    8) (   8,    8) (   8,    8) (   8,    8) (   8,    8) (   8,    8)
          (   8,    8) (   8,    8) (   8,    8) (   8,    8) (   8,    8) (   8,    8) (   8,    8) (   8,    8) (   8,    8) (   8,    8)
          (   8,    8) (   8,    8) (   8,    8) (   8,    8) (   8,    8) (   8,    8) (   8,    8) (   8,    8) (   8,    8) (   8,    8)
          (   8,    8) (   8,    8) (   8,    8) (   8,    8) (   8,    8) (   8,    8) (   8,    8) (   8,    8) (   8,    8) (   8,    8)
          (   8,    8) (   8,    8) (   8,    8) (   8,    8) (   8,    8) (   8,    8) (   8,    8) (   8,    8) (   8,    8) (   8,    8)
          (   8,    8) (   8,    8) (   8,    8) (   8,    8) (   8,    8) (   8,    8) (   8,    8) (   8,    8) (   8,    8) (   8,    8)
          (   8,    8) (   8,    8) (   8,    8) (   8,    8) (   8,    8) (   8,    8) (   8,    8) (   8,    8) (   8,    8) (   8,    8)
          (   8,    8) (   8,    8) (   8,    8) (   8,    8) (   8,    8) (   8,    8) (   8,    8) (   8,    8) (   8,    8) (   8,    8)
          (   8,    8) (   8,    8) (   8,    8) (   8,    8) (   8,    8) (   8,    8) (   8,    8) (   8,    8) (   8,    8) (   8,    8)
          (   8,    8) (   8,    8) (   8,    8) (   8,    8) (   8,    8) (   8,    8) (   8,    8) (   8,    8) (   8,    8) (   8,    8)
          (   8,    8) (   8,    8) (   8,    8) (   8,    8) (   8,    8) (   8,    8) (   8,    8) (   8,    8) (   8,    8) (   8,    8)
          (   8,    8) (   8,    8) (   8,    8) (   8,    8) (   8,    8) (   8,    8) (   8,    8) (   8,    8) (   8,    8) (   8,    8)
          (   8,    8) (   8,    8) (   8,    8) (   8,    8) (   8,    8) (   8,    8) (   8,    8) (   8,    8) (   8,    8) (   8,    8)
          (   8,    8) (   8,    8) (   8,    8) (   8,    8) (   8,    8) (   8,    8) (   8,    8) (   8,    8) (   8,    8) (   8,    8)
          (   8,    8) (   8,    8) (   8,    8) (   8,    8) (   8,    8) (   8,    8) (   8,    8) (   8,    8) (   8,    8) (   8,    8)
          (   8,    8) (   8,    8) (   8,    8) (   8,    8) (   8,    8) (   8,    8) (   8,    8) (   8,    8) (   8,    8) (   8,    8)
          (   8,    8) (   8,    8) (   8,    8) (   8,    8) (   8,    8) (   8,    8) (   8,    8) (   8,    8) (   8,    8) (   8,    8)
          (   8,    8) (   8,    8) (   8,    8) (   8,    8) (   8,    8) (   8,    8) (   8,    8) (   8,    8) (   8,    8) (   8,    8)
          (   8,    8) (   8,    8) (   8,    8) (   8,    8) (   8,    8) (   8,    8) (   8,    8) (   8,    8) (   8,    8) (   8,    8)
          (   8,    8) (   8,    8) (   8,    8) (   8,    8) (   8,    8) (   8,    8) (   8,    8) (   8,    8) (   8,    8) (   8,    8)
          (   8,    8) (   8,    8) (   8,    8) (   8,    8) (   8,    8) (   8,    8) (   8,    8) (   8,    8) (   8,    8) (   8,    8)
          (   8,    8) (   8,    8) (   8,    8) (   8,    8) (   8,    8) (   8,    8) (   8,    8) (   8,    8) (   8,    8) (   8,    8)
          (   8,    8) (   8,    8) (   8,    8) (   8,    8) (   8,    8) (   8,    8) (   8,    8) (   8,    8) (   8,    8) (   8,    8)
          (   8,    8) (   8,    8) (   8,    8) (   8,    8) (   8,    8) (   8,    8) (   8,    8) (   8,    8) (   8,    8) (   8,    8)
          (   8,    8) (   8,    8) (   8,    8) (   8,    8) (   8,    8) (   8,    8) (   8,    8) (   8,    8) (   8,    8) (   8,    8)
          (   8,    8) (   8,    8) (   8,    8) (   8,    8) (   8,    8) (   8,    8) (   8,    8) (   8,    8) (   8,    8) (   8,    8)
          (   8,    8) (   8,    8) (   8,    8) (   8,    8) (   8,    8) (   8,    8) (   8,    8) (   8,    8) (   8,    8) (   8,    8)
          (   8,    8) (   8,    8) (   8,    8) (   8,    8) (   8,    8) (   8,    8) (   8,    8) (   8,    8) (   8,    8) (   8,    8)
          (   8,    8) (   8,    8) (   8,    8) (   8,    8) (   8,    8) (   8,    8) (   8,    8) (   8,    8) (   8,    8) (   8,    8)
          (   8,    8) (   8,    8) (   8,    8) (   8,    8) (   8,    8) (   8,    8) (   8,    8) (   8,    8) (   8,    8) (   8,    8)
          (   8,    8) (   8,    8) (   8,    8) (   8,    8) (   8,    8) (   8,    8) (   8,    8) (   8,    8) (   8,    8) (   8,    8)
          (   8,    8) (   8,    8) (   8,    8) (   8,    8) (   8,    8) (   8,    8) (   8,    8) (   8,    8) (   8,    8) (   8,    8)
          (   8,    8) (   8,    8) (   8,    8) (   8,    8) (   8,    8) (   8,    8) (   8,    8) (   8,    8) (   8,    8) (   8,    8)
          (   8,    8) (   8,    8) (   8,    8) (   8,    8) (   8,    8) (   8,    8) (   8,    8) (   8,    8) (   8,    8) (   8,    8)
          (   8,    8) (   8,    8) (   8,    8) (   8,    8) (   8,    8) (   8,    8) (   8,    8) (   8,    8) (   8,    8) (   8,    8)
          (   8,    8) (   8,    8) (   8,    8) (   8,    8) (   8,    8) (   8,    8) (   8,    8) (   8,    8) (   8,    8) (   8,    8)
          (   8,    8) (   8,    8) (   8,    8) (   8,    8) (   8,    8) (   8,    8) (   8,    8) (   8,    8) (   8,    8) (   8,    8)
          (   8,    8) (   8,    8) (   8,    8) (   8,    8) (   8,    8) (   8,    8) (   8,    8) (   8,    8) (   8,    8) (   8,    8)
          (   8,    8) (   8,    8) (   8,    8) (   8,    8) (   8,    8) (   8,    8) (   8,    8) (   8,    8) (   8,    8) (   8,    8)
          (   8,    8) (   8,    8) (   8,    8) (   8,    8) (   8,    8) (   8,    8) (   8,    8) (   8,    8) (   8,    8) (   8,    8)
          (   8,    8) (   8,    8) (   8,    8) (   8,    8) (   8,    8) (   8,    8) (   8,    8) (   8,    8) (   8,    8) (   8,    8)
          (   8,    8) (   8,    8) (   8,    8) (   8,    8) (   8,    8) (   8,    8) (   8,    8) (   8,    8) (   8,    8) (   8,    8)
          (   8,    8) (   8,    8) (   8,    8) (   8,    8) (   8,    8) (   8,    8) (   8,    8) (   8,    8) (   8,    8) (   8,    8)
          (   8,    8) (   8,    8) (   8,    8) (   8,    8) (   8,    8) (   8,    8) (   8,    8) (   8,    8) (   8,    8) (   8,    8)
          (   8,    8) (   8,    8) (   8,    8) (   8,    8) (   8,    8) (   8,    8) (   8,    8) (   8,    8) (   8,    8) (   8,    8)
          (   8,    8) (   8,    8) (   8,    8) (   8,    8) (   8,    8) (   8,    8) (   8,    8) (   8,    8) (   8,    8) (   8,    8)
          (   8,    8) (   8,    8) (   8,    8) (   8,    8) (   8,    8) (   8,    8) (   8,    8) (   8,    8) (   8,    8) (   8,    8)
          (   8,    8) (   8,    8) (   8,    8) (   8,    8) (   8,    8) (   8,    8) (   8,    8) (   8,    8) (   8,    8) (   8,    8)
          (   8,    8) (   8,    8) (   8,    8) (   8,    8) (   8,    8) (   8,    8) (   8,    8) (   8,    8) (   8,    8) (   8,    8)
          (   8,    8) (   8,    8) (   8,    8) (   8,    8) (   8,    8) (   8,    8) (   8,    8) (   8,    8) (   8,    8) (   8,    8)
         
node   4 sent_total   5673  recv_total   5667

node   5  (   0,    0) (   1,    0) (   0,    0) (   4,    2) (   7,    4) (   9,    9) (   9,    9) (   9,    9) (   9,    9) (   9,    9)
          (   9,    9) (   9,    9) (   9,    9) (   9,    9) (   9,    9) (   9,    9) (   9,    9) (   9,    9) (   9,    9) (   9,    9)
          (   9,    9) (   9,    9) (   9,    9) (   9,    9) (   9,    9) (   9,    9) (   9,    9) (   9,    9) (   9,    9) (   9,    9)
          (   9,    9) (   9,    9) (   9,    9) (   9,    9) (   9,    9) (   9,    9) (   9,    9) (   9,    9) (   9,    9) (   9,    9)
          (   9,    9) (   9,    9) (   9,    9) (   9,    9) (   9,    9) (   9,    9) (   9,    9) (   9,    9) (   9,    9) (   9,    9)
          (   9,    9) (   9,    9) (   9,    9) (   9,    9) (   9,    9) (   9,    9) (   9,    9) (   9,    9) (   9,    9) (   9,    9)
          (   9,    9) (   9,    9) (   9,    9) (   9,    9) (   9,    9) (   9,    9) (   9,    9) (   9,    9) (   9,    9) (   9,    9)
          (   9,    9) (   9,    9) (   9,    9) (   9,    9) (   9,    9) (   9,    9) (   9,    9) (   9,    9) (   9,    9) (   9,    9)
          (   9,    9) (   9,    9) (   9,    9) (   9,    9) (   9,    9) (   9,    9) (   9,    9) (   9,    9) (   9,    9) (   9,    9)
          (   9,    9) (   9,    9) (   9,    9) (   9,    9) (   9,    9) (   9,    9) (   9,    9) (   9,    9) (   9,    9) (   9,    9)
          (   9,    9) (   9,    9) (   9,    8) (   9,    8) (   8,    8) (   8,    8) (   8,    8) (   8,    8) (   8,    8) (   8,    8)
          (   8,    8) (   8,    8) (   8,    8) (   8,    8) (   8,    8) (   8,    8) (   8,    8) (   8,    8) (   8,    8) (   8,    8)
          (   8,    8) (   8,    8) (   8,    8) (   8,    8) (   8,    8) (   8,    8) (   8,    8) (   8,    8) (   8,    8) (   8,    8)
          (   8,    8) (   8,    8) (   8,    8) (   8,    8) (   8,    8) (   8,    8) (   8,    8) (   8,    8) (   8,    8) (   8,    8)
          (   8,    8) (   8,    8) (   8,    8) (   8,    8) (   8,    8) (   8,    8) (   8,    8) (   8,    8) (   8,    8) (   8,    8)
          (   8,    8) (   8,    8) (   8,    8) (   8,    8) (   8,    8) (   8,    8) (   8,    8) (   8,    8) (   8,    8) (   8,    8)
          (   8,    8) (   8,    8) (   8,    8) (   8,    8) (   8,    8) (   8,    8) (   8,    8) (   8,    8) (   8,    8) (   8,    8)
          (   8,    8) (   8,    8) (   8,    8) (   8,    8) (   8,    8) (   8,    8) (   8,    8) (   8,    8) (   8,    8) (   8,    8)
          (   8,    8) (   8,    8) (   8,    8) (   8,    8) (   8,    8) (   8,    8) (   8,    8) (   8,    8) (   8,    8) (   8,    8)
          (   8,    8) (   8,    8) (   8,    8) (   8,    8) (   8,    8) (   8,    8) (   8,    8) (   8,    8) (   8,    8) (   8,    8)
          (   8,    8) (   8,    8) (   8,    8) (   8,    8) (   8,    8) (   8,    8) (   8,    8) (   8,    8) (   8,    8) (   8,    8)
          (   8,    8) (   8,    8) (   8,    8) (   8,    8) (   8,    8) (   8,    8) (   8,    8) (   8,    8) (   8,    8) (   8,    8)
          (   8,    8) (   8,    8) (   8,    8) (   8,    8) (   8,    8) (   8,    8) (   8,    8) (   8,    8) (   8,    8) (   8,    8)
          (   8,    8) (   8,    8) (   8,    8) (   8,    8) (   8,    8) (   8,    8) (   8,    8) (   8,    8) (   8,    8) (   8,    8)
          (   8,    8) (   8,    8) (   8,    8) (   8,    8) (   8,    8) (   8,    8) (   8,    8) (   8,    8) (   8,    8) (   8,    8)
          (   8,    8) (   8,    8) (   8,    8) (   8,    8) (   8,    8) (   8,    8) (   8,    8) (   8,    8) (   8,    8) (   8,    8)
          (   8,    8) (   8,    8) (   8,    8) (   8,    8) (   8,    8) (   8,    8) (   8,    8) (   8,    8) (   8,    8) (   8,    8)
          (   8,    8) (   8,    8) (   8,    8) (   8,    8) (   8,    8) (   8,    8) (   8,    8) (   8,    8) (   8,    8) (   8,    8)
          (   8,    8) (   8,    8) (   8,    8) (   8,    8) (   8,    8) (   8,    8) (   8,    8) (   8,    8) (   8,    8) (   8,    8)
          (   8,    8) (   8,    8) (   8,    8) (   8,    8) (   8,    8) (   8,    8) (   8,    8) (   8,    8) (   8,    8) (   8,    8)
          (   8,    8) (   8,    8) (   8,    8) (   8,    8) (   8,    8) (   8,    8) (   8,    8) (   8,    8) (   8,    8) (   8,    8)
          (   8,    8) (   8,    8) (   8,    8) (   8,    8) (   8,    8) (   8,    8) (   8,    8) (   8,    8) (   8,    8) (   8,    8)
          (   8,    8) (   8,    8) (   8,    8) (   8,    8) (   8,    8) (   8,    8) (   8,    8) (   8,    8) (   8,    8) (   8,    8)
          (   8,    8) (   8,    8) (   8,    8) (   8,    8) (   8,    8) (   8,    8) (   8,    8) (   8,    8) (   8,    8) (   8,    8)
          (   8,    8) (   8,    8) (   8,    8) (   8,    8) (   8,    8) (   8,    8) (   8,    8) (   8,    8) (   8,    8) (   8,    8)
          (   8,    8) (   8,    8) (   8,    8) (   8,    8) (   8,    8) (   8,    8) (   8,    8) (   8,    8) (   8,    8) (   8,    8)
          (   8,    8) (   8,    8) (   8,    8) (   8,    8) (   8,    8) (   8,    8) (   8,    8) (   8,    8) (   8,    8) (   8,    8)
          (   8,    8) (   8,    8) (   8,    8) (   8,    8) (   8,    8) (   8,    8) (   8,    8) (   8,    8) (   8,    8) (   8,    8)
          (   8,    8) (   8,    8) (   8,    8) (   8,    8) (   8,    8) (   8,    8) (   8,    8) (   8,    8) (   8,    8) (   8,    8)
          (   8,    8) (   8,    8) (   8,    8) (   8,    8) (   8,    8) (   8,    8) (   8,    8) (   8,    8) (   8,    8) (   8,    8)
          (   8,    8) (   8,    8) (   8,    8) (   8,    8) (   8,    8) (   8,    8) (   8,    8) (   8,    8) (   8,    8) (   8,    8)
          (   8,    8) (   8,    8) (   8,    8) (   8,    8) (   8,    8) (   8,    8) (   8,    8) (   8,    8) (   8,    8) (   8,    8)
          (   8,    8) (   8,    8) (   8,    8) (   8,    8) (   8,    8) (   8,    8) (   8,    8) (   8,    8) (   8,    8) (   8,    8)
          (   8,    8) (   8,    8) (   8,    8) (   8,    8) (   8,    8) (   8,    8) (   8,    8) (   8,    8) (   8,    8) (   8,    8)
          (   8,    8) (   8,    8) (   8,    8) (   8,    8) (   8,    8) (   8,    8) (   8,    8) (   8,    8) (   8,    8) (   8,    8)
          (   8,    8) (   8,    8) (   8,    8) (   8,    8) (   8,    8) (   8,    8) (   8,    8) (   8,    8) (   8,    8) (   8,    8)
          (   8,    8) (   8,    8) (   8,    8) (   8,    8) (   8,    8) (   8,    8) (   8,    8) (   8,    8) (   8,    8) (   8,    8)
          (   8,    8) (   8,    8) (   8,    8) (   8,    8) (   8,    8) (   8,    8) (   8,    8) (   8,    8) (   8,    8) (   8,    8)
          (   8,    8) (   8,    8) (   8,    8) (   8,    8) (   8,    8) (   8,    8) (   8,    8) (   8,    8) (   8,    8) (   8,    8)
          (   8,    8) (   8,    8) (   8,    8) (   8,    8) (   8,    8) (   8,    8) (   8,    8) (   8,    8) (   8,    8) (   8,    8)
          (   8,    8) (   8,    8) (   8,    8) (   8,    8) (   8,    8) (   8,    8) (   8,    8) (   8,    8) (   8,    8) (   8,    8)
          (   8,    8) (   8,    8) (   8,    8) (   8,    8) (   8,    8) (   8,    8) (   8,    8) (   8,    8) (   8,    8) (   8,    8)
          (   8,    8) (   8,    8) (   8,    8) (   8,    8) (   8,    8) (   8,    8) (   8,    8) (   8,    8) (   8,    8) (   8,    8)
          (   8,    8) (   8,    8) (   8,    8) (   8,    8) (   8,    8) (   8,    8) (   8,    8) (   8,    8) (   8,    8) (   8,    8)
          (   8,    8) (   8,    8) (   8,    8) (   8,    8) (   8,    8) (   8,    8) (   8,    8) (   8,    8) (   8,    8) (   8,    8)
          (   8,    8) (   8,    8) (   8,    8) (   8,    8) (   8,    8) (   8,    8) (   8,    8) (   8,    8) (   8,    8) (   8,    8)
          (   8,    8) (   8,    8) (   8,    8) (   8,    8) (   8,    8) (   8,    8) (   8,    8) (   8,    8) (   8,    8) (   8,    8)
          (   8,    8) (   8,    8) (   8,    8) (   8,    8) (   8,    8) (   8,    8) (   8,    8) (   8,    8) (   8,    8) (   8,    8)
          (   8,    8) (   8,    8) (   8,    8) (   8,    8) (   8,    8) (   8,    8) (   8,    8) (   8,    8) (   8,    8) (   8,    8)
          (   8,    8) (   8,    8) (   8,    8) (   8,    8) (   8,    8) (   8,    8) (   8,    8) (   8,    8) (   8,    8) (   8,    8)
          (   8,    8) (   8,    8) (   8,    8) (   8,    8) (   8,    8) (   8,    8) (   8,    8) (   8,    8) (   8,    8) (   8,    8)
          (   8,    8) (   8,    8) (   8,    8) (   8,    8) (   8,    8) (   8,    8) (   8,    8) (   8,    8) (   8,    8) (   8,    8)
          (   8,    8) (   8,    8) (   8,    8) (   8,    8) (   8,    8) (   8,    8) (   8,    8) (   8,    8) (   8,    8) (   8,    8)
          (   8,    8) (   8,    8) (   8,    8) (   8,    8) (   8,    8) (   8,    8) (   8,    8) (   8,    8) (   8,    8) (   8,    8)
          (   8,    8) (   8,    8) (   8,    8) (   8,    8) (   8,    8) (   8,    8) (   8,    8) (   8,    8) (   8,    8) (   8,    8)
          (   8,    8) (   8,    8) (   8,    8) (   8,    8) (   8,    8) (   8,    8) (   8,    8) (   8,    8) (   8,    8) (   8,    8)
          (   8,    8) (   8,    8) (   8,    8) (   8,    8) (   8,    8) (   8,    8) (   8,    8) (   8,    8) (   8,    8) (   8,    8)
          (   8,    8) (   8,    8) (   8,    8) (   8,    8) (   8,    8) (   8,    8) (   8,    8) (   8,    8) (   8,    8) (   8,    8)
          (   8,    8) (   8,    8) (   8,    8) (   8,    8) (   8,    8) (   8,    8) (   8,    8) (   8,    8) (   8,    8) (   8,    8)
          (   8,    8) (   8,    8) (   8,    8) (   8,    8) (   8,    8) (   8,    8) (   8,    8) (   8,    8) (   8,    8) (   8,    8)
         
node   5 sent_total   5671  recv_total   5663

node   6  (   0,    0) (   1,    0) (   0,    0) (   5,    2) (   7,    3) (   9,    9) (   9,    9) (   9,    9) (   9,    9) (   9,    9)
          (   9,    9) (   9,    9) (   9,    9) (   9,    9) (   9,    9) (   9,    9) (   9,    9) (   9,    9) (   9,    9) (   9,    9)
          (   9,    9) (   9,    9) (   9,    9) (   9,    9) (   9,    9) (   9,    9) (   9,    9) (   9,    9) (   9,    9) (   9,    9)
          (   9,    9) (   9,    9) (   9,    9) (   9,    9) (   9,    9) (   9,    9) (   9,    9) (   9,    9) (   9,    9) (   9,    9)
          (   9,    9) (   9,    9) (   9,    9) (   9,    9) (   9,    9) (   9,    9) (   9,    9) (   9,    9) (   9,    9) (   9,    9)
          (   9,    9) (   9,    9) (   9,    9) (   9,    9) (   9,    9) (   9,    9) (   9,    9) (   9,    9) (   9,    9) (   9,    9)
          (   9,    9) (   9,    9) (   9,    9) (   9,    9) (   9,    9) (   9,    9) (   9,    9) (   9,    9) (   9,    9) (   9,    9)
          (   9,    9) (   9,    9) (   9,    9) (   9,    9) (   9,    9) (   9,    9) (   9,    9) (   9,    9) (   9,    9) (   9,    9)
          (   9,    9) (   9,    9) (   9,    9) (   9,    9) (   9,    9) (   9,    9) (   9,    9) (   9,    9) (   9,    9) (   9,    9)
          (   9,    9) (   9,    9) (   9,    9) (   9,    9) (   9,    9) (   9,    9) (   9,    9) (   9,    9) (   9,    9) (   9,    9)
          (   9,    9) (   9,    9) (   9,    8) (   9,    8) (   8,    8) (   8,    8) (   8,    8) (   8,    8) (   8,    8) (   8,    8)
          (   8,    8) (   8,    8) (   8,    8) (   8,    8) (   8,    8) (   8,    8) (   8,    8) (   8,    8) (   8,    8) (   8,    8)
          (   8,    8) (   8,    8) (   8,    8) (   8,    8) (   8,    8) (   8,    8) (   8,    8) (   8,    8) (   8,    8) (   8,    8)
          (   8,    8) (   8,    8) (   8,    8) (   8,    8) (   8,    8) (   8,    8) (   8,    8) (   8,    8) (   8,    8) (   8,    8)
          (   8,    8) (   8,    8) (   8,    8) (   8,    8) (   8,    8) (   8,    8) (   8,    8) (   8,    8) (   8,    8) (   8,    8)
          (   8,    8) (   8,    8) (   8,    8) (   8,    8) (   8,    8) (   8,    8) (   8,    8) (   8,    8) (   8,    8) (   8,    8)
          (   8,    8) (   8,    8) (   8,    8) (   8,    8) (   8,    8) (   8,    8) (   8,    8) (   8,    8) (   8,    8) (   8,    8)
          (   8,    8) (   8,    8) (   8,    8) (   8,    8) (   8,    8) (   8,    8) (   8,    8) (   8,    8) (   8,    8) (   8,    8)
          (   8,    8) (   8,    8) (   8,    8) (   8,    8) (   8,    8) (   8,    8) (   8,    8) (   8,    8) (   8,    8) (   8,    8)
          (   8,    8) (   8,    8) (   8,    8) (   8,    8) (   8,    8) (   8,    8) (   8,    8) (   8,    8) (   8,    8) (   8,    8)
          (   8,    8) (   8,    8) (   8,    8) (   8,    8) (   8,    8) (   8,    8) (   8,    8) (   8,    8) (   8,    8) (   8,    8)
          (   8,    8) (   8,    8) (   8,    8) (   8,    8) (   8,    8) (   8,    8) (   8,    8) (   8,    8) (   8,    8) (   8,    8)
          (   8,    8) (   8,    8) (   8,    8) (   8,    8) (   8,    8) (   8,    8) (   8,    8) (   8,    8) (   8,    8) (   8,    8)
          (   8,    8) (   8,    8) (   8,    8) (   8,    8) (   8,    8) (   8,    8) (   8,    8) (   8,    8) (   8,    8) (   8,    8)
          (   8,    8) (   8,    8) (   8,    8) (   8,    8) (   8,    8) (   8,    8) (   8,    8) (   8,    8) (   8,    8) (   8,    8)
          (   8,    8) (   8,    8) (   8,    8) (   8,    8) (   8,    8) (   8,    8) (   8,    8) (   8,    8) (   8,    8) (   8,    8)
          (   8,    8) (   8,    8) (   8,    8) (   8,    8) (   8,    8) (   8,    8) (   8,    8) (   8,    8) (   8,    8) (   8,    8)
          (   8,    8) (   8,    8) (   8,    8) (   8,    8) (   8,    8) (   8,    8) (   8,    8) (   8,    8) (   8,    8) (   8,    8)
          (   8,    8) (   8,    8) (   8,    8) (   8,    8) (   8,    8) (   8,    8) (   8,    8) (   8,    8) (   8,    8) (   8,    8)
          (   8,    8) (   8,    8) (   8,    8) (   8,    8) (   8,    8) (   8,    8) (   8,    8) (   8,    8) (   8,    8) (   8,    8)
          (   8,    8) (   8,    8) (   8,    8) (   8,    8) (   8,    8) (   8,    8) (   8,    8) (   8,    8) (   8,    8) (   8,    8)
          (   8,    8) (   8,    8) (   8,    8) (   8,    8) (   8,    8) (   8,    8) (   8,    8) (   8,    8) (   8,    8) (   8,    8)
          (   8,    8) (   8,    8) (   8,    8) (   8,    8) (   8,    8) (   8,    8) (   8,    8) (   8,    8) (   8,    8) (   8,    8)
          (   8,    8) (   8,    8) (   8,    8) (   8,    8) (   8,    8) (   8,    8) (   8,    8) (   8,    8) (   8,    8) (   8,    8)
          (   8,    8) (   8,    8) (   8,    8) (   8,    8) (   8,    8) (   8,    8) (   8,    8) (   8,    8) (   8,    8) (   8,    8)
          (   8,    8) (   8,    8) (   8,    8) (   8,    8) (   8,    8) (   8,    8) (   8,    8) (   8,    8) (   8,    8) (   8,    8)
          (   8,    8) (   8,    8) (   8,    8) (   8,    8) (   8,    8) (   8,    8) (   8,    8) (   8,    8) (   8,    8) (   8,    8)
          (   8,    8) (   8,    8) (   8,    8) (   8,    8) (   8,    8) (   8,    8) (   8,    8) (   8,    8) (   8,    8) (   8,    8)
          (   8,    8) (   8,    8) (   8,    8) (   8,    8) (   8,    8) (   8,    8) (   8,    8) (   8,    8) (   8,    8) (   8,    8)
          (   8,    8) (   8,    8) (   8,    8) (   8,    8) (   8,    8) (   8,    8) (   8,    8) (   8,    8) (   8,    8) (   8,    8)
          (   8,    8) (   8,    8) (   8,    8) (   8,    8) (   8,    8) (   8,    8) (   8,    8) (   8,    8) (   8,    8) (   8,    8)
          (   8,    8) (   8,    8) (   8,    8) (   8,    8) (   8,    8) (   8,    8) (   8,    8) (   8,    8) (   8,    8) (   8,    8)
          (   8,    8) (   8,    8) (   8,    8) (   8,    8) (   8,    8) (   8,    8) (   8,    8) (   8,    8) (   8,    8) (   8,    8)
          (   8,    8) (   8,    8) (   8,    8) (   8,    8) (   8,    8) (   8,    8) (   8,    8) (   8,    8) (   8,    8) (   8,    8)
          (   8,    8) (   8,    8) (   8,    8) (   8,    8) (   8,    8) (   8,    8) (   8,    8) (   8,    8) (   8,    8) (   8,    8)
          (   8,    8) (   8,    8) (   8,    8) (   8,    8) (   8,    8) (   8,    8) (   8,    8) (   8,    8) (   8,    8) (   8,    8)
          (   8,    8) (   8,    8) (   8,    8) (   8,    8) (   8,    8) (   8,    8) (   8,    8) (   8,    8) (   8,    8) (   8,    8)
          (   8,    8) (   8,    8) (   8,    8) (   8,    8) (   8,    8) (   8,    8) (   8,    8) (   8,    8) (   8,    8) (   8,    8)
          (   8,    8) (   8,    8) (   8,    8) (   8,    8) (   8,    8) (   8,    8) (   8,    8) (   8,    8) (   8,    8) (   8,    8)
          (   8,    8) (   8,    8) (   8,    8) (   8,    8) (   8,    8) (   8,    8) (   8,    8) (   8,    8) (   8,    8) (   8,    8)
          (   8,    8) (   8,    8) (   8,    8) (   8,    8) (   8,    8) (   8,    8) (   8,    8) (   8,    8) (   8,    8) (   8,    8)
          (   8,    8) (   8,    8) (   8,    8) (   8,    8) (   8,    8) (   8,    8) (   8,    8) (   8,    8) (   8,    8) (   8,    8)
          (   8,    8) (   8,    8) (   8,    8) (   8,    8) (   8,    8) (   8,    8) (   8,    8) (   8,    8) (   8,    8) (   8,    8)
          (   8,    8) (   8,    8) (   8,    8) (   8,    8) (   8,    8) (   8,    8) (   8,    8) (   8,    8) (   8,    8) (   8,    8)
          (   8,    8) (   8,    8) (   8,    8) (   8,    8) (   8,    8) (   8,    8) (   8,    8) (   8,    8) (   8,    8) (   8,    8)
          (   8,    8) (   8,    8) (   8,    8) (   8,    8) (   8,    8) (   8,    8) (   8,    8) (   8,    8) (   8,    8) (   8,    8)
          (   8,    8) (   8,    8) (   8,    8) (   8,    8) (   8,    8) (   8,    8) (   8,    8) (   8,    8) (   8,    8) (   8,    8)
          (   8,    8) (   8,    8) (   8,    8) (   8,    8) (   8,    8) (   8,    8) (   8,    8) (   8,    8) (   8,    8) (   8,    8)
          (   8,    8) (   8,    8) (   8,    8) (   8,    8) (   8,    8) (   8,    8) (   8,    8) (   8,    8) (   8,    8) (   8,    8)
          (   8,    8) (   8,    8) (   8,    8) (   8,    8) (   8,    8) (   8,    8) (   8,    8) (   8,    8) (   8,    8) (   8,    8)
          (   8,    8) (   8,    8) (   8,    8) (   8,    8) (   8,    8) (   8,    8) (   8,    8) (   8,    8) (   8,    8) (   8,    8)
          (   8,    8) (   8,    8) (   8,    8) (   8,    8) (   8,    8) (   8,    8) (   8,    8) (   8,    8) (   8,    8) (   8,    8)
          (   8,    8) (   8,    8) (   8,    8) (   8,    8) (   8,    8) (   8,    8) (   8,    8) (   8,    8) (   8,    8) (   8,    8)
          (   8,    8) (   8,    8) (   8,    8) (   8,    8) (   8,    8) (   8,    8) (   8,    8) (   8,    8) (   8,    8) (   8,    8)
          (   8,    8) (   8,    8) (   8,    8) (   8,    8) (   8,    8) (   8,    8) (   8,    8) (   8,    8) (   8,    8) (   8,    8)
          (   8,    8) (   8,    8) (   8,    8) (   8,    8) (   8,    8) (   8,    8) (   8,    8) (   8,    8) (   8,    8) (   8,    8)
          (   8,    8) (   8,    8) (   8,    8) (   8,    8) (   8,    8) (   8,    8) (   8,    8) (   8,    8) (   8,    8) (   8,    8)
          (   8,    8) (   8,    8) (   8,    8) (   8,    8) (   8,    8) (   8,    8) (   8,    8) (   8,    8) (   8,    8) (   8,    8)
          (   8,    8) (   8,    8) (   8,    8) (   8,    8) (   8,    8) (   8,    8) (   8,    8) (   8,    8) (   8,    8) (   8,    8)
          (   8,    8) (   8,    8) (   8,    8) (   8,    8) (   8,    8) (   8,    8) (   8,    8) (   8,    8) (   8,    8) (   8,    8)
         
node   6 sent_total   5672  recv_total   5662

node   7  (   0,    0) (   1,    0) (   0,    0) (   6,    2) (   7,    2) (   9,    9) (   9,    9) (   9,    9) (   9,    9) (   9,    9)
          (   9,    9) (   9,    9) (   9,    9) (   9,    9) (   9,    9) (   9,    9) (   9,    9) (   9,    9) (   9,    9) (   9,    9)
          (   9,    9) (   9,    9) (   9,    9) (   9,    9) (   9,    9) (   9,    9) (   9,    9) (   9,    9) (   9,    9) (   9,    9)
          (   9,    9) (   9,    9) (   9,    9) (   9,    9) (   9,    9) (   9,    9) (   9,    9) (   9,    9) (   9,    9) (   9,    9)
          (   9,    9) (   9,    9) (   9,    9) (   9,    9) (   9,    9) (   9,    9) (   9,    9) (   9,    9) (   9,    9) (   9,    9)
          (   9,    9) (   9,    9) (   9,    9) (   9,    9) (   9,    9) (   9,    9) (   9,    9) (   9,    9) (   9,    9) (   9,    9)
          (   9,    9) (   9,    9) (   9,    9) (   9,    9) (   9,    9) (   9,    9) (   9,    9) (   9,    9) (   9,    9) (   9,    9)
          (   9,    9) (   9,    9) (   9,    9) (   9,    9) (   9,    9) (   9,    9) (   9,    9) (   9,    9) (   9,    9) (   9,    9)
          (   9,    9) (   9,    9) (   9,    9) (   9,    9) (   9,    9) (   9,    9) (   9,    9) (   9,    9) (   9,    9) (   9,    9)
          (   9,    9) (   9,    9) (   9,    9) (   9,    9) (   9,    9) (   9,    9) (   9,    9) (   9,    9) (   9,    9) (   9,    9)
          (   9,    9) (   9,    9) (   9,    8) (   9,    8) (   8,    8) (   8,    8) (   8,    8) (   8,    8) (   8,    8) (   8,    8)
          (   8,    8) (   8,    8) (   8,    8) (   8,    8) (   8,    8) (   8,    8) (   8,    8) (   8,    8) (   8,    8) (   8,    8)
          (   8,    8) (   8,    8) (   8,    8) (   8,    8) (   8,    8) (   8,    8) (   8,    8) (   8,    8) (   8,    8) (   8,    8)
          (   8,    8) (   8,    8) (   8,    8) (   8,    8) (   8,    8) (   8,    8) (   8,    8) (   8,    8) (   8,    8) (   8,    8)
          (   8,    8) (   8,    8) (   8,    8) (   8,    8) (   8,    8) (   8,    8) (   8,    8) (   8,    8) (   8,    8) (   8,    8)
          (   8,    8) (   8,    8) (   8,    8) (   8,    8) (   8,    8) (   8,    8) (   8,    8) (   8,    8) (   8,    8) (   8,    8)
          (   8,    8) (   8,    8) (   8,    8) (   8,    8) (   8,    8) (   8,    8) (   8,    8) (   8,    8) (   8,    8) (   8,    8)
          (   8,    8) (   8,    8) (   8,    8) (   8,    8) (   8,    8) (   8,    8) (   8,    8) (   8,    8) (   8,    8) (   8,    8)
          (   8,    8) (   8,    8) (   8,    8) (   8,    8) (   8,    8) (   8,    8) (   8,    8) (   8,    8) (   8,    8) (   8,    8)
          (   8,    8) (   8,    8) (   8,    8) (   8,    8) (   8,    8) (   8,    8) (   8,    8) (   8,    8) (   8,    8) (   8,    8)
          (   8,    8) (   8,    8) (   8,    8) (   8,    8) (   8,    8) (   8,    8) (   8,    8) (   8,    8) (   8,    8) (   8,    8)
          (   8,    8) (   8,    8) (   8,    8) (   8,    8) (   8,    8) (   8,    8) (   8,    8) (   8,    8) (   8,    8) (   8,    8)
          (   8,    8) (   8,    8) (   8,    8) (   8,    8) (   8,    8) (   8,    8) (   8,    8) (   8,    8) (   8,    8) (   8,    8)
          (   8,    8) (   8,    8) (   8,    8) (   8,    8) (   8,    8) (   8,    8) (   8,    8) (   8,    8) (   8,    8) (   8,    8)
          (   8,    8) (   8,    8) (   8,    8) (   8,    8) (   8,    8) (   8,    8) (   8,    8) (   8,    8) (   8,    8) (   8,    8)
          (   8,    8) (   8,    8) (   8,    8) (   8,    8) (   8,    8) (   8,    8) (   8,    8) (   8,    8) (   8,    8) (   8,    8)
          (   8,    8) (   8,    8) (   8,    8) (   8,    8) (   8,    8) (   8,    8) (   8,    8) (   8,    8) (   8,    8) (   8,    8)
          (   8,    8) (   8,    8) (   8,    8) (   8,    8) (   8,    8) (   8,    8) (   8,    8) (   8,    8) (   8,    8) (   8,    8)
          (   8,    8) (   8,    8) (   8,    8) (   8,    8) (   8,    8) (   8,    8) (   8,    8) (   8,    8) (   8,    8) (   8,    8)
          (   8,    8) (   8,    8) (   8,    8) (   8,    8) (   8,    8) (   8,    8) (   8,    8) (   8,    8) (   8,    8) (   8,    8)
          (   8,    8) (   8,    8) (   8,    8) (   8,    8) (   8,    8) (   8,    8) (   8,    8) (   8,    8) (   8,    8) (   8,    8)
          (   8,    8) (   8,    8) (   8,    8) (   8,    8) (   8,    8) (   8,    8) (   8,    8) (   8,    8) (   8,    8) (   8,    8)
          (   8,    8) (   8,    8) (   8,    8) (   8,    8) (   8,    8) (   8,    8) (   8,    8) (   8,    8) (   8,    8) (   8,    8)
          (   8,    8) (   8,    8) (   8,    8) (   8,    8) (   8,    8) (   8,    8) (   8,    8) (   8,    8) (   8,    8) (   8,    8)
          (   8,    8) (   8,    8) (   8,    8) (   8,    8) (   8,    8) (   8,    8) (   8,    8) (   8,    8) (   8,    8) (   8,    8)
          (   8,    8) (   8,    8) (   8,    8) (   8,    8) (   8,    8) (   8,    8) (   8,    8) (   8,    8) (   8,    8) (   8,    8)
          (   8,    8) (   8,    8) (   8,    8) (   8,    8) (   8,    8) (   8,    8) (   8,    8) (   8,    8) (   8,    8) (   8,    8)
          (   8,    8) (   8,    8) (   8,    8) (   8,    8) (   8,    8) (   8,    8) (   8,    8) (   8,    8) (   8,    8) (   8,    8)
          (   8,    8) (   8,    8) (   8,    8) (   8,    8) (   8,    8) (   8,    8) (   8,    8) (   8,    8) (   8,    8) (   8,    8)
          (   8,    8) (   8,    8) (   8,    8) (   8,    8) (   8,    8) (   8,    8) (   8,    8) (   8,    8) (   8,    8) (   8,    8)
          (   8,    8) (   8,    8) (   8,    8) (   8,    8) (   8,    8) (   8,    8) (   8,    8) (   8,    8) (   8,    8) (   8,    8)
          (   8,    8) (   8,    8) (   8,    8) (   8,    8) (   8,    8) (   8,    8) (   8,    8) (   8,    8) (   8,    8) (   8,    8)
          (   8,    8) (   8,    8) (   8,    8) (   8,    8) (   8,    8) (   8,    8) (   8,    8) (   8,    8) (   8,    8) (   8,    8)
          (   8,    8) (   8,    8) (   8,    8) (   8,    8) (   8,    8) (   8,    8) (   8,    8) (   8,    8) (   8,    8) (   8,    8)
          (   8,    8) (   8,    8) (   8,    8) (   8,    8) (   8,    8) (   8,    8) (   8,    8) (   8,    8) (   8,    8) (   8,    8)
          (   8,    8) (   8,    8) (   8,    8) (   8,    8) (   8,    8) (   8,    8) (   8,    8) (   8,    8) (   8,    8) (   8,    8)
          (   8,    8) (   8,    8) (   8,    8) (   8,    8) (   8,    8) (   8,    8) (   8,    8) (   8,    8) (   8,    8) (   8,    8)
          (   8,    8) (   8,    8) (   8,    8) (   8,    8) (   8,    8) (   8,    8) (   8,    8) (   8,    8) (   8,    8) (   8,    8)
          (   8,    8) (   8,    8) (   8,    8) (   8,    8) (   8,    8) (   8,    8) (   8,    8) (   8,    8) (   8,    8) (   8,    8)
          (   8,    8) (   8,    8) (   8,    8) (   8,    8) (   8,    8) (   8,    8) (   8,    8) (   8,    8) (   8,    8) (   8,    8)
          (   8,    8) (   8,    8) (   8,    8) (   8,    8) (   8,    8) (   8,    8) (   8,    8) (   8,    8) (   8,    8) (   8,    8)
          (   8,    8) (   8,    8) (   8,    8) (   8,    8) (   8,    8) (   8,    8) (   8,    8) (   8,    8) (   8,    8) (   8,    8)
          (   8,    8) (   8,    8) (   8,    8) (   8,    8) (   8,    8) (   8,    8) (   8,    8) (   8,    8) (   8,    8) (   8,    8)
          (   8,    8) (   8,    8) (   8,    8) (   8,    8) (   8,    8) (   8,    8) (   8,    8) (   8,    8) (   8,    8) (   8,    8)
          (   8,    8) (   8,    8) (   8,    8) (   8,    8) (   8,    8) (   8,    8) (   8,    8) (   8,    8) (   8,    8) (   8,    8)
          (   8,    8) (   8,    8) (   8,    8) (   8,    8) (   8,    8) (   8,    8) (   8,    8) (   8,    8) (   8,    8) (   8,    8)
          (   8,    8) (   8,    8) (   8,    8) (   8,    8) (   8,    8) (   8,    8) (   8,    8) (   8,    8) (   8,    8) (   8,    8)
          (   8,    8) (   8,    8) (   8,    8) (   8,    8) (   8,    8) (   8,    8) (   8,    8) (   8,    8) (   8,    8) (   8,    8)
          (   8,    8) (   8,    8) (   8,    8) (   8,    8) (   8,    8) (   8,    8) (   8,    8) (   8,    8) (   8,    8) (   8,    8)
          (   8,    8) (   8,    8) (   8,    8) (   8,    8) (   8,    8) (   8,    8) (   8,    8) (   8,    8) (   8,    8) (   8,    8)
          (   8,    8) (   8,    8) (   8,    8) (   8,    8) (   8,    8) (   8,    8) (   8,    8) (   8,    8) (   8,    8) (   8,    8)
          (   8,    8) (   8,    8) (   8,    8) (   8,    8) (   8,    8) (   8,    8) (   8,    8) (   8,    8) (   8,    8) (   8,    8)
          (   8,    8) (   8,    8) (   8,    8) (   8,    8) (   8,    8) (   8,    8) (   8,    8) (   8,    8) (   8,    8) (   8,    8)
          (   8,    8) (   8,    8) (   8,    8) (   8,    8) (   8,    8) (   8,    8) (   8,    8) (   8,    8) (   8,    8) (   8,    8)
          (   8,    8) (   8,    8) (   8,    8) (   8,    8) (   8,    8) (   8,    8) (   8,    8) (   8,    8) (   8,    8) (   8,    8)
          (   8,    8) (   8,    8) (   8,    8) (   8,    8) (   8,    8) (   8,    8) (   8,    8) (   8,    8) (   8,    8) (   8,    8)
          (   8,    8) (   8,    8) (   8,    8) (   8,    8) (   8,    8) (   8,    8) (   8,    8) (   8,    8) (   8,    8) (   8,    8)
          (   8,    8) (   8,    8) (   8,    8) (   8,    8) (   8,    8) (   8,    8) (   8,    8) (   8,    8) (   8,    8) (   8,    8)
          (   8,    8) (   8,    8) (   8,    8) (   8,    8) (   8,    8) (   8,    8) (   8,    8) (   8,    8) (   8,    8) (   8,    8)
          (   8,    8) (   8,    8) (   8,    8) (   8,    8) (   8,    8) (   8,    8) (   8,    8) (   8,    8) (   8,    8) (   8,    8)
         
node   7 sent_total   5673  recv_total   5661

node   8  (   0,    0) (   1,    0) (   0,    0) (   7,    2) (   7,    1) (   9,    9) (   9,    9) (   9,    9) (   9,    9) (   9,    9)
          (   9,    9) (   9,    9) (   9,    9) (   9,    9) (   9,    9) (   9,    9) (   9,    9) (   9,    9) (   9,    9) (   9,    9)
          (   9,    9) (   9,    9) (   9,    9) (   9,    9) (   9,    9) (   9,    9) (   9,    9) (   9,    9) (   9,    9) (   9,    9)
          (   9,    9) (   9,    9) (   9,    9) (   9,    9) (   9,    9) (   9,    9) (   9,    9) (   9,    9) (   9,    9) (   9,    9)
          (   9,    9) (   9,    9) (   9,    9) (   9,    9) (   9,    9) (   9,    9) (   9,    9) (   9,    9) (   9,    9) (   9,    9)
          (   9,    9) (   9,    9) (   9,    9) (   9,    9) (   9,    9) (   9,    9) (   9,    9) (   9,    9) (   9,    9) (   9,    9)
          (   9,    9) (   9,    9) (   9,    9) (   9,    9) (   9,    9) (   9,    9) (   9,    9) (   9,    9) (   9,    9) (   9,    9)
          (   9,    9) (   9,    9) (   9,    9) (   9,    9) (   9,    9) (   9,    9) (   9,    9) (   9,    9) (   9,    9) (   9,    9)
          (   9,    9) (   9,    9) (   9,    9) (   9,    9) (   9,    9) (   9,    9) (   9,    9) (   9,    9) (   9,    9) (   9,    9)
          (   9,    9) (   9,    9) (   9,    9) (   9,    9) (   9,    9) (   9,    9) (   9,    9) (   9,    9) (   9,    9) (   9,    9)
          (   9,    9) (   9,    9) (   9,    8) (   9,    8) (   8,    8) (   8,    8) (   8,    8) (   8,    8) (   8,    8) (   8,    8)
          (   8,    8) (   8,    8) (   8,    8) (   8,    8) (   8,    8) (   8,    8) (   8,    8) (   8,    8) (   8,    8) (   8,    8)
          (   8,    8) (   8,    8) (   8,    8) (   8,    8) (   8,    8) (   8,    8) (   8,    8) (   8,    8) (   8,    8) (   8,    8)
          (   8,    8) (   8,    8) (   8,    8) (   8,    8) (   8,    8) (   8,    8) (   8,    8) (   8,    8) (   8,    8) (   8,    8)
          (   8,    8) (   8,    8) (   8,    8) (   8,    8) (   8,    8) (   8,    8) (   8,    8) (   8,    8) (   8,    8) (   8,    8)
          (   8,    8) (   8,    8) (   8,    8) (   8,    8) (   8,    8) (   8,    8) (   8,    8) (   8,    8) (   8,    8) (   8,    8)
          (   8,    8) (   8,    8) (   8,    8) (   8,    8) (   8,    8) (   8,    8) (   8,    8) (   8,    8) (   8,    8) (   8,    8)
          (   8,    8) (   8,    8) (   8,    8) (   8,    8) (   8,    8) (   8,    8) (   8,    8) (   8,    8) (   8,    8) (   8,    8)
          (   8,    8) (   8,    8) (   8,    8) (   8,    8) (   8,    8) (   8,    8) (   8,    8) (   8,    8) (   8,    8) (   8,    8)
          (   8,    8) (   8,    8) (   8,    8) (   8,    8) (   8,    8) (   8,    8) (   8,    8) (   8,    8) (   8,    8) (   8,    8)
          (   8,    8) (   8,    8) (   8,    8) (   8,    8) (   8,    8) (   8,    8) (   8,    8) (   8,    8) (   8,    8) (   8,    8)
          (   8,    8) (   8,    8) (   8,    8) (   8,    8) (   8,    8) (   8,    8) (   8,    8) (   8,    8) (   8,    8) (   8,    8)
          (   8,    8) (   8,    8) (   8,    8) (   8,    8) (   8,    8) (   8,    8) (   8,    8) (   8,    8) (   8,    8) (   8,    8)
          (   8,    8) (   8,    8) (   8,    8) (   8,    8) (   8,    8) (   8,    8) (   8,    8) (   8,    8) (   8,    8) (   8,    8)
          (   8,    8) (   8,    8) (   8,    8) (   8,    8) (   8,    8) (   8,    8) (   8,    8) (   8,    8) (   8,    8) (   8,    8)
          (   8,    8) (   8,    8) (   8,    8) (   8,    8) (   8,    8) (   8,    8) (   8,    8) (   8,    8) (   8,    8) (   8,    8)
          (   8,    8) (   8,    8) (   8,    8) (   8,    8) (   8,    8) (   8,    8) (   8,    8) (   8,    8) (   8,    8) (   8,    8)
          (   8,    8) (   8,    8) (   8,    8) (   8,    8) (   8,    8) (   8,    8) (   8,    8) (   8,    8) (   8,    8) (   8,    8)
          (   8,    8) (   8,    8) (   8,    8) (   8,    8) (   8,    8) (   8,    8) (   8,    8) (   8,    8) (   8,    8) (   8,    8)
          (   8,    8) (   8,    8) (   8,    8) (   8,    8) (   8,    8) (   8,    8) (   8,    8) (   8,    8) (   8,    8) (   8,    8)
          (   8,    8) (   8,    8) (   8,    8) (   8,    8) (   8,    8) (   8,    8) (   8,    8) (   8,    8) (   8,    8) (   8,    8)
          (   8,    8) (   8,    8) (   8,    8) (   8,    8) (   8,    8) (   8,    8) (   8,    8) (   8,    8) (   8,    8) (   8,    8)
          (   8,    8) (   8,    8) (   8,    8) (   8,    8) (   8,    8) (   8,    8) (   8,    8) (   8,    8) (   8,    8) (   8,    8)
          (   8,    8) (   8,    8) (   8,    8) (   8,    8) (   8,    8) (   8,    8) (   8,    8) (   8,    8) (   8,    8) (   8,    8)
          (   8,    8) (   8,    8) (   8,    8) (   8,    8) (   8,    8) (   8,    8) (   8,    8) (   8,    8) (   8,    8) (   8,    8)
          (   8,    8) (   8,    8) (   8,    8) (   8,    8) (   8,    8) (   8,    8) (   8,    8) (   8,    8) (   8,    8) (   8,    8)
          (   8,    8) (   8,    8) (   8,    8) (   8,    8) (   8,    8) (   8,    8) (   8,    8) (   8,    8) (   8,    8) (   8,    8)
          (   8,    8) (   8,    8) (   8,    8) (   8,    8) (   8,    8) (   8,    8) (   8,    8) (   8,    8) (   8,    8) (   8,    8)
          (   8,    8) (   8,    8) (   8,    8) (   8,    8) (   8,    8) (   8,    8) (   8,    8) (   8,    8) (   8,    8) (   8,    8)
          (   8,    8) (   8,    8) (   8,    8) (   8,    8) (   8,    8) (   8,    8) (   8,    8) (   8,    8) (   8,    8) (   8,    8)
          (   8,    8) (   8,    8) (   8,    8) (   8,    8) (   8,    8) (   8,    8) (   8,    8) (   8,    8) (   8,    8) (   8,    8)
          (   8,    8) (   8,    8) (   8,    8) (   8,    8) (   8,    8) (   8,    8) (   8,    8) (   8,    8) (   8,    8) (   8,    8)
          (   8,    8) (   8,    8) (   8,    8) (   8,    8) (   8,    8) (   8,    8) (   8,    8) (   8,    8) (   8,    8) (   8,    8)
          (   8,    8) (   8,    8) (   8,    8) (   8,    8) (   8,    8) (   8,    8) (   8,    8) (   8,    8) (   8,    8) (   8,    8)
          (   8,    8) (   8,    8) (   8,    8) (   8,    8) (   8,    8) (   8,    8) (   8,    8) (   8,    8) (   8,    8) (   8,    8)
          (   8,    8) (   8,    8) (   8,    8) (   8,    8) (   8,    8) (   8,    8) (   8,    8) (   8,    8) (   8,    8) (   8,    8)
          (   8,    8) (   8,    8) (   8,    8) (   8,    8) (   8,    8) (   8,    8) (   8,    8) (   8,    8) (   8,    8) (   8,    8)
          (   8,    8) (   8,    8) (   8,    8) (   8,    8) (   8,    8) (   8,    8) (   8,    8) (   8,    8) (   8,    8) (   8,    8)
          (   8,    8) (   8,    8) (   8,    8) (   8,    8) (   8,    8) (   8,    8) (   8,    8) (   8,    8) (   8,    8) (   8,    8)
          (   8,    8) (   8,    8) (   8,    8) (   8,    8) (   8,    8) (   8,    8) (   8,    8) (   8,    8) (   8,    8) (   8,    8)
          (   8,    8) (   8,    8) (   8,    8) (   8,    8) (   8,    8) (   8,    8) (   8,    8) (   8,    8) (   8,    8) (   8,    8)
          (   8,    8) (   8,    8) (   8,    8) (   8,    8) (   8,    8) (   8,    8) (   8,    8) (   8,    8) (   8,    8) (   8,    8)
          (   8,    8) (   8,    8) (   8,    8) (   8,    8) (   8,    8) (   8,    8) (   8,    8) (   8,    8) (   8,    8) (   8,    8)
          (   8,    8) (   8,    8) (   8,    8) (   8,    8) (   8,    8) (   8,    8) (   8,    8) (   8,    8) (   8,    8) (   8,    8)
          (   8,    8) (   8,    8) (   8,    8) (   8,    8) (   8,    8) (   8,    8) (   8,    8) (   8,    8) (   8,    8) (   8,    8)
          (   8,    8) (   8,    8) (   8,    8) (   8,    8) (   8,    8) (   8,    8) (   8,    8) (   8,    8) (   8,    8) (   8,    8)
          (   8,    8) (   8,    8) (   8,    8) (   8,    8) (   8,    8) (   8,    8) (   8,    8) (   8,    8) (   8,    8) (   8,    8)
          (   8,    8) (   8,    8) (   8,    8) (   8,    8) (   8,    8) (   8,    8) (   8,    8) (   8,    8) (   8,    8) (   8,    8)
          (   8,    8) (   8,    8) (   8,    8) (   8,    8) (   8,    8) (   8,    8) (   8,    8) (   8,    8) (   8,    8) (   8,    8)
          (   8,    8) (   8,    8) (   8,    8) (   8,    8) (   8,    8) (   8,    8) (   8,    8) (   8,    8) (   8,    8) (   8,    8)
          (   8,    8) (   8,    8) (   8,    8) (   8,    8) (   8,    8) (   8,    8) (   8,    8) (   8,    8) (   8,    8) (   8,    8)
          (   8,    8) (   8,    8) (   8,    8) (   8,    8) (   8,    8) (   8,    8) (   8,    8) (   8,    8) (   8,    8) (   8,    8)
          (   8,    8) (   8,    8) (   8,    8) (   8,    8) (   8,    8) (   8,    8) (   8,    8) (   8,    8) (   8,    8) (   8,    8)
          (   8,    8) (   8,    8) (   8,    8) (   8,    8) (   8,    8) (   8,    8) (   8,    8) (   8,    8) (   8,    8) (   8,    8)
          (   8,    8) (   8,    8) (   8,    8) (   8,    8) (   8,    8) (   8,    8) (   8,    8) (   8,    8) (   8,    8) (   8,    8)
          (   8,    8) (   8,    8) (   8,    8) (   8,    8) (   8,    8) (   8,    8) (   8,    8) (   8,    8) (   8,    8) (   8,    8)
          (   8,    8) (   8,    8) (   8,    8) (   8,    8) (   8,    8) (   8,    8) (   8,    8) (   8,    8) (   8,    8) (   8,    8)
          (   8,    8) (   8,    8) (   8,    8) (   8,    8) (   8,    8) (   8,    8) (   8,    8) (   8,    8) (   8,    8) (   8,    8)
          (   8,    8) (   8,    8) (   8,    8) (   8,    8) (   8,    8) (   8,    8) (   8,    8) (   8,    8) (   8,    8) (   8,    8)
          (   8,    8) (   8,    8) (   8,    8) (   8,    8) (   8,    8) (   8,    8) (   8,    8) (   8,    8) (   8,    8) (   8,    8)
         
node   8 sent_total   5674  recv_total   5660

node   9  (   0,    0) (   0,    0) (   1,    0) (   0,    0) (   8,    2) (   9,    2) (   9,    9) (   9,    9) (   9,    9) (   9,    9)
          (   9,    9) (   9,    9) (   9,    9) (   9,    9) (   9,    9) (   9,    9) (   9,    9) (   9,    9) (   9,    9) (   9,    9)
          (   9,    9) (   9,    9) (   9,    9) (   9,    9) (   9,    9) (   9,    9) (   9,    9) (   9,    9) (   9,    9) (   9,    9)
          (   9,    9) (   9,    9) (   9,    9) (   9,    9) (   9,    9) (   9,    9) (   9,    9) (   9,    9) (   9,    9) (   9,    9)
          (   9,    9) (   9,    9) (   9,    9) (   9,    9) (   9,    9) (   9,    9) (   9,    9) (   9,    9) (   9,    9) (   9,    9)
          (   9,    9) (   9,    9) (   9,    9) (   9,    9) (   9,    9) (   9,    9) (   9,    9) (   9,    9) (   9,    9) (   9,    9)
          (   9,    9) (   9,    9) (   9,    9) (   9,    9) (   9,    9) (   9,    9) (   9,    9) (   9,    9) (   9,    9) (   9,    9)
          (   9,    9) (   9,    9) (   9,    9) (   9,    9) (   9,    9) (   9,    9) (   9,    9) (   9,    9) (   9,    9) (   9,    9)
          (   9,    9) (   9,    9) (   9,    9) (   9,    9) (   9,    9) (   9,    9) (   9,    9) (   9,    9) (   9,    9) (   9,    9)
          (   9,    9) (   9,    9) (   9,    9) (   9,    9) (   9,    9) (   9,    9) (   9,    9) (   9,    9) (   9,    9) (   9,    9)
          (   9,    9) (   0,    0) (   0,    0) (   0,    0) (   0,    0) (   0,    0) (   0,    0) (   0,    0) (   0,    0) (   0,    0)
          (   0,    0) (   0,    0) (   0,    0) (   0,    0) (   0,    0) (   0,    0) (   0,    0) (   0,    0) (   0,    0) (   0,    0)
          (   0,    0) (   0,    0) (   0,    0) (   0,    0) (   0,    0) (   0,    0) (   0,    0) (   0,    0) (   0,    0) (   0,    0)
          (   0,    0) (   0,    0) (   0,    0) (   0,    0) (   0,    0) (   0,    0) (   0,    0) (   0,    0) (   0,    0) (   0,    0)
          (   0,    0) (   0,    0) (   0,    0) (   0,    0) (   0,    0) (   0,    0) (   0,    0) (   0,    0) (   0,    0) (   0,    0)
          (   0,    0) (   0,    0) (   0,    0) (   0,    0) (   0,    0) (   0,    0) (   0,    0) (   0,    0) (   0,    0) (   0,    0)
          (   0,    0) (   0,    0) (   0,    0) (   0,    0) (   0,    0) (   0,    0) (   0,    0) (   0,    0) (   0,    0) (   0,    0)
          (   0,    0) (   0,    0) (   0,    0) (   0,    0) (   0,    0) (   0,    0) (   0,    0) (   0,    0) (   0,    0) (   0,    0)
          (   0,    0) (   0,    0) (   0,    0) (   0,    0) (   0,    0) (   0,    0) (   0,    0) (   0,    0) (   0,    0) (   0,    0)
          (   0,    0) (   0,    0) (   0,    0) (   0,    0) (   0,    0) (   0,    0) (   0,    0) (   0,    0) (   0,    0) (   0,    0)
          (   0,    0) (   0,    0) (   0,    0) (   0,    0) (   0,    0) (   0,    0) (   0,    0) (   0,    0) (   0,    0) (   0,    0)
          (   0,    0) (   0,    0) (   0,    0) (   0,    0) (   0,    0) (   0,    0) (   0,    0) (   0,    0) (   0,    0) (   0,    0)
          (   0,    0) (   0,    0) (   0,    0) (   0,    0) (   0,    0) (   0,    0) (   0,    0) (   0,    0) (   0,    0) (   0,    0)
          (   0,    0) (   0,    0) (   0,    0) (   0,    0) (   0,    0) (   0,    0) (   0,    0) (   0,    0) (   0,    0) (   0,    0)
          (   0,    0) (   0,    0) (   0,    0) (   0,    0) (   0,    0) (   0,    0) (   0,    0) (   0,    0) (   0,    0) (   0,    0)
          (   0,    0) (   0,    0) (   0,    0) (   0,    0) (   0,    0) (   0,    0) (   0,    0) (   0,    0) (   0,    0) (   0,    0)
          (   0,    0) (   0,    0) (   0,    0) (   0,    0) (   0,    0) (   0,    0) (   0,    0) (   0,    0) (   0,    0) (   0,    0)
          (   0,    0) (   0,    0) (   0,    0) (   0,    0) (   0,    0) (   0,    0) (   0,    0) (   0,    0) (   0,    0) (   0,    0)
          (   0,    0) (   0,    0) (   0,    0) (   0,    0) (   0,    0) (   0,    0) (   0,    0) (   0,    0) (   0,    0) (   0,    0)
          (   0,    0) (   0,    0) (   0,    0) (   0,    0) (   0,    0) (   0,    0) (   0,    0) (   0,    0) (   0,    0) (   0,    0)
          (   0,    0) (   0,    0) (   0,    0) (   0,    0) (   0,    0) (   0,    0) (   0,    0) (   0,    0) (   0,    0) (   0,    0)
          (   0,    0) (   0,    0) (   0,    0) (   0,    0) (   0,    0) (   0,    0) (   0,    0) (   0,    0) (   0,    0) (   0,    0)
          (   0,    0) (   0,    0) (   0,    0) (   0,    0) (   0,    0) (   0,    0) (   0,    0) (   0,    0) (   0,    0) (   0,    0)
          (   0,    0) (   0,    0) (   0,    0) (   0,    0) (   0,    0) (   0,    0) (   0,    0) (   0,    0) (   0,    0) (   0,    0)
          (   0,    0) (   0,    0) (   0,    0) (   0,    0) (   0,    0) (   0,    0) (   0,    0) (   0,    0) (   0,    0) (   0,    0)
          (   0,    0) (   0,    0) (   0,    0) (   0,    0) (   0,    0) (   0,    0) (   0,    0) (   0,    0) (   0,    0) (   0,    0)
          (   0,    0) (   0,    0) (   0,    0) (   0,    0) (   0,    0) (   0,    0) (   0,    0) (   0,    0) (   0,    0) (   0,    0)
          (   0,    0) (   0,    0) (   0,    0) (   0,    0) (   0,    0) (   0,    0) (   0,    0) (   0,    0) (   0,    0) (   0,    0)
          (   0,    0) (   0,    0) (   0,    0) (   0,    0) (   0,    0) (   0,    0) (   0,    0) (   0,    0) (   0,    0) (   0,    0)
          (   0,    0) (   0,    0) (   0,    0) (   0,    0) (   0,    0) (   0,    0) (   0,    0) (   0,    0) (   0,    0) (   0,    0)
          (   0,    0) (   0,    0) (   0,    0) (   0,    0) (   0,    0) (   0,    0) (   0,    0) (   0,    0) (   0,    0) (   0,    0)
          (   0,    0) (   0,    0) (   0,    0) (   0,    0) (   0,    0) (   0,    0) (   0,    0) (   0,    0) (   0,    0) (   0,    0)
          (   0,    0) (   0,    0) (   0,    0) (   0,    0) (   0,    0) (   0,    0) (   0,    0) (   0,    0) (   0,    0) (   0,    0)
          (   0,    0) (   0,    0) (   0,    0) (   0,    0) (   0,    0) (   0,    0) (   0,    0) (   0,    0) (   0,    0) (   0,    0)
          (   0,    0) (   0,    0) (   0,    0) (   0,    0) (   0,    0) (   0,    0) (   0,    0) (   0,    0) (   0,    0) (   0,    0)
          (   0,    0) (   0,    0) (   0,    0) (   0,    0) (   0,    0) (   0,    0) (   0,    0) (   0,    0) (   0,    0) (   0,    0)
          (   0,    0) (   0,    0) (   0,    0) (   0,    0) (   0,    0) (   0,    0) (   0,    0) (   0,    0) (   0,    0) (   0,    0)
          (   0,    0) (   0,    0) (   0,    0) (   0,    0) (   0,    0) (   0,    0) (   0,    0) (   0,    0) (   0,    0) (   0,    0)
          (   0,    0) (   0,    0) (   0,    0) (   0,    0) (   0,    0) (   0,    0) (   0,    0) (   0,    0) (   0,    0) (   0,    0)
          (   0,    0) (   0,    0) (   0,    0) (   0,    0) (   0,    0) (   0,    0) (   0,    0) (   0,    0) (   0,    0) (   0,    0)
          (   0,    0) (   0,    0) (   0,    0) (   0,    0) (   0,    0) (   0,    0) (   0,    0) (   0,    0) (   0,    0) (   0,    0)
          (   0,    0) (   0,    0) (   0,    0) (   0,    0) (   0,    0) (   0,    0) (   0,    0) (   0,    0) (   0,    0) (   0,    0)
          (   0,    0) (   0,    0) (   0,    0) (   0,    0) (   0,    0) (   0,    0) (   0,    0) (   0,    0) (   0,    0) (   0,    0)
          (   0,    0) (   0,    0) (   0,    0) (   0,    0) (   0,    0) (   0,    0) (   0,    0) (   0,    0) (   0,    0) (   0,    0)
          (   0,    0) (   0,    0) (   0,    0) (   0,    0) (   0,    0) (   0,    0) (   0,    0) (   0,    0) (   0,    0) (   0,    0)
          (   0,    0) (   0,    0) (   0,    0) (   0,    0) (   0,    0) (   0,    0) (   0,    0) (   0,    0) (   0,    0) (   0,    0)
          (   0,    0) (   0,    0) (   0,    0) (   0,    0) (   0,    0) (   0,    0) (   0,    0) (   0,    0) (   0,    0) (   0,    0)
          (   0,    0) (   0,    0) (   0,    0) (   0,    0) (   0,    0) (   0,    0) (   0,    0) (   0,    0) (   0,    0) (   0,    0)
          (   0,    0) (   0,    0) (   0,    0) (   0,    0) (   0,    0) (   0,    0) (   0,    0) (   0,    0) (   0,    0) (   0,    0)
          (   0,    0) (   0,    0) (   0,    0) (   0,    0) (   0,    0) (   0,    0) (   0,    0) (   0,    0) (   0,    0) (   0,    0)
          (   0,    0) (   0,    0) (   0,    0) (   0,    0) (   0,    0) (   0,    0) (   0,    0) (   0,    0) (   0,    0) (   0,    0)
          (   0,    0) (   0,    0) (   0,    0) (   0,    0) (   0,    0) (   0,    0) (   0,    0) (   0,    0) (   0,    0) (   0,    0)
          (   0,    0) (   0,    0) (   0,    0) (   0,    0) (   0,    0) (   0,    0) (   0,    0) (   0,    0) (   0,    0) (   0,    0)
          (   0,    0) (   0,    0) (   0,    0) (   0,    0) (   0,    0) (   0,    0) (   0,    0) (   0,    0) (   0,    0) (   0,    0)
          (   0,    0) (   0,    0) (   0,    0) (   0,    0) (   0,    0) (   0,    0) (   0,    0) (   0,    0) (   0,    0) (   0,    0)
          (   0,    0) (   0,    0) (   0,    0) (   0,    0) (   0,    0) (   0,    0) (   0,    0) (   0,    0) (   0,    0) (   0,    0)
          (   0,    0) (   0,    0) (   0,    0) (   0,    0) (   0,    0) (   0,    0) (   0,    0) (   0,    0) (   0,    0) (   0,    0)
          (   0,    0) (   0,    0) (   0,    0) (   0,    0) (   0,    0) (   0,    0) (   0,    0) (   0,    0) (   0,    0) (   0,    0)
          (   0,    0) (   0,    0) (   0,    0) (   0,    0) (   0,    0) (   0,    0) (   0,    0) (   0,    0) (   0,    0) (   0,    0)
          (   0,    0) (   0,    0) (   0,    0) (   0,    0) (   0,    0) (   0,    0) (   0,    0) (   0,    0) (   0,    0) (   0,    0)
         
node   9 sent_total    873  recv_total    859

node  10  (   0,    0) (   0,    0) (   1,    0) (   0,    0) (   9,    2) (   9,    1) (   9,    9) (   9,    9) (   9,    9) (   9,    9)
          (   9,    9) (   9,    9) (   9,    9) (   9,    9) (   9,    9) (   9,    9) (   9,    9) (   9,    9) (   9,    9) (   9,    9)
          (   9,    9) (   9,    9) (   9,    9) (   9,    9) (   9,    9) (   9,    9) (   9,    9) (   9,    9) (   9,    9) (   9,    9)
          (   9,    9) (   9,    9) (   9,    9) (   9,    9) (   9,    9) (   9,    9) (   9,    9) (   9,    9) (   9,    9) (   9,    9)
          (   9,    9) (   9,    9) (   9,    9) (   9,    9) (   9,    9) (   9,    9) (   9,    9) (   9,    9) (   9,    9) (   9,    9)
          (   9,    9) (   9,    9) (   9,    9) (   9,    9) (   9,    9) (   9,    9) (   9,    9) (   9,    9) (   9,    9) (   9,    9)
          (   9,    9) (   9,    9) (   9,    9) (   9,    9) (   9,    9) (   9,    9) (   9,    9) (   9,    9) (   9,    9) (   9,    9)
          (   9,    9) (   9,    9) (   9,    9) (   9,    9) (   9,    9) (   9,    9) (   9,    9) (   9,    9) (   9,    9) (   9,    9)
          (   9,    9) (   9,    9) (   9,    9) (   9,    9) (   9,    9) (   9,    9) (   9,    9) (   9,    9) (   9,    9) (   9,    9)
          (   9,    9) (   9,    9) (   9,    9) (   9,    9) (   9,    9) (   9,    9) (   9,    9) (   9,    9) (   9,    9) (   9,    9)
          (   9,    9) (   9,    9) (   9,    8) (   9,    8) (   8,    8) (   8,    8) (   8,    8) (   8,    8) (   8,    8) (   8,    8)
          (   8,    8) (   8,    8) (   8,    8) (   8,    8) (   8,    8) (   8,    8) (   8,    8) (   8,    8) (   8,    8) (   8,    8)
          (   8,    8) (   8,    8) (   8,    8) (   8,    8) (   8,    8) (   8,    8) (   8,    8) (   8,    8) (   8,    8) (   8,    8)
          (   8,    8) (   8,    8) (   8,    8) (   8,    8) (   8,    8) (   8,    8) (   8,    8) (   8,    8) (   8,    8) (   8,    8)
          (   8,    8) (   8,    8) (   8,    8) (   8,    8) (   8,    8) (   8,    8) (   8,    8) (   8,    8) (   8,    8) (   8,    8)
          (   8,    8) (   8,    8) (   8,    8) (   8,    8) (   8,    8) (   8,    8) (   8,    8) (   8,    8) (   8,    8) (   8,    8)
          (   8,    8) (   8,    8) (   8,    8) (   8,    8) (   8,    8) (   8,    8) (   8,    8) (   8,    8) (   8,    8) (   8,    8)
          (   8,    8) (   8,    8) (   8,    8) (   8,    8) (   8,    8) (   8,    8) (   8,    8) (   8,    8) (   8,    8) (   8,    8)
          (   8,    8) (   8,    8) (   8,    8) (   8,    8) (   8,    8) (   8,    8) (   8,    8) (   8,    8) (   8,    8) (   8,    8)
          (   8,    8) (   8,    8) (   8,    8) (   8,    8) (   8,    8) (   8,    8) (   8,    8) (   8,    8) (   8,    8) (   8,    8)
          (   8,    8) (   8,    8) (   8,    8) (   8,    8) (   8,    8) (   8,    8) (   8,    8) (   8,    8) (   8,    8) (   8,    8)
          (   8,    8) (   8,    8) (   8,    8) (   8,    8) (   8,    8) (   8,    8) (   8,    8) (   8,    8) (   8,    8) (   8,    8)
          (   8,    8) (   8,    8) (   8,    8) (   8,    8) (   8,    8) (   8,    8) (   8,    8) (   8,    8) (   8,    8) (   8,    8)
          (   8,    8) (   8,    8) (   8,    8) (   8,    8) (   8,    8) (   8,    8) (   8,    8) (   8,    8) (   8,    8) (   8,    8)
          (   8,    8) (   8,    8) (   8,    8) (   8,    8) (   8,    8) (   8,    8) (   8,    8) (   8,    8) (   8,    8) (   8,    8)
          (   8,    8) (   8,    8) (   8,    8) (   8,    8) (   8,    8) (   8,    8) (   8,    8) (   8,    8) (   8,    8) (   8,    8)
          (   8,    8) (   8,    8) (   8,    8) (   8,    8) (   8,    8) (   8,    8) (   8,    8) (   8,    8) (   8,    8) (   8,    8)
          (   8,    8) (   8,    8) (   8,    8) (   8,    8) (   8,    8) (   8,    8) (   8,    8) (   8,    8) (   8,    8) (   8,    8)
          (   8,    8) (   8,    8) (   8,    8) (   8,    8) (   8,    8) (   8,    8) (   8,    8) (   8,    8) (   8,    8) (   8,    8)
          (   8,    8) (   8,    8) (   8,    8) (   8,    8) (   8,    8) (   8,    8) (   8,    8) (   8,    8) (   8,    8) (   8,    8)
          (   8,    8) (   8,    8) (   8,    8) (   8,    8) (   8,    8) (   8,    8) (   8,    8) (   8,    8) (   8,    8) (   8,    8)
          (   8,    8) (   8,    8) (   8,    8) (   8,    8) (   8,    8) (   8,    8) (   8,    8) (   8,    8) (   8,    8) (   8,    8)
          (   8,    8) (   8,    8) (   8,    8) (   8,    8) (   8,    8) (   8,    8) (   8,    8) (   8,    8) (   8,    8) (   8,    8)
          (   8,    8) (   8,    8) (   8,    8) (   8,    8) (   8,    8) (   8,    8) (   8,    8) (   8,    8) (   8,    8) (   8,    8)
          (   8,    8) (   8,    8) (   8,    8) (   8,    8) (   8,    8) (   8,    8) (   8,    8) (   8,    8) (   8,    8) (   8,    8)
          (   8,    8) (   8,    8) (   8,    8) (   8,    8) (   8,    8) (   8,    8) (   8,    8) (   8,    8) (   8,    8) (   8,    8)
          (   8,    8) (   8,    8) (   8,    8) (   8,    8) (   8,    8) (   8,    8) (   8,    8) (   8,    8) (   8,    8) (   8,    8)
          (   8,    8) (   8,    8) (   8,    8) (   8,    8) (   8,    8) (   8,    8) (   8,    8) (   8,    8) (   8,    8) (   8,    8)
          (   8,    8) (   8,    8) (   8,    8) (   8,    8) (   8,    8) (   8,    8) (   8,    8) (   8,    8) (   8,    8) (   8,    8)
          (   8,    8) (   8,    8) (   8,    8) (   8,    8) (   8,    8) (   8,    8) (   8,    8) (   8,    8) (   8,    8) (   8,    8)
          (   8,    8) (   8,    8) (   8,    8) (   8,    8) (   8,    8) (   8,    8) (   8,    8) (   8,    8) (   8,    8) (   8,    8)
          (   8,    8) (   8,    8) (   8,    8) (   8,    8) (   8,    8) (   8,    8) (   8,    8) (   8,    8) (   8,    8) (   8,    8)
          (   8,    8) (   8,    8) (   8,    8) (   8,    8) (   8,    8) (   8,    8) (   8,    8) (   8,    8) (   8,    8) (   8,    8)
          (   8,    8) (   8,    8) (   8,    8) (   8,    8) (   8,    8) (   8,    8) (   8,    8) (   8,    8) (   8,    8) (   8,    8)
          (   8,    8) (   8,    8) (   8,    8) (   8,    8) (   8,    8) (   8,    8) (   8,    8) (   8,    8) (   8,    8) (   8,    8)
          (   8,    8) (   8,    8) (   8,    8) (   8,    8) (   8,    8) (   8,    8) (   8,    8) (   8,    8) (   8,    8) (   8,    8)
          (   8,    8) (   8,    8) (   8,    8) (   8,    8) (   8,    8) (   8,    8) (   8,    8) (   8,    8) (   8,    8) (   8,    8)
          (   8,    8) (   8,    8) (   8,    8) (   8,    8) (   8,    8) (   8,    8) (   8,    8) (   8,    8) (   8,    8) (   8,    8)
          (   8,    8) (   8,    8) (   8,    8) (   8,    8) (   8,    8) (   8,    8) (   8,    8) (   8,    8) (   8,    8) (   8,    8)
          (   8,    8) (   8,    8) (   8,    8) (   8,    8) (   8,    8) (   8,    8) (   8,    8) (   8,    8) (   8,    8) (   8,    8)
          (   8,    8) (   8,    8) (   8,    8) (   8,    8) (   8,    8) (   8,    8) (   8,    8) (   8,    8) (   8,    8) (   8,    8)
          (   8,    8) (   8,    8) (   8,    8) (   8,    8) (   8,    8) (   8,    8) (   8,    8) (   8,    8) (   8,    8) (   8,    8)
          (   8,    8) (   8,    8) (   8,    8) (   8,    8) (   8,    8) (   8,    8) (   8,    8) (   8,    8) (   8,    8) (   8,    8)
          (   8,    8) (   8,    8) (   8,    8) (   8,    8) (   8,    8) (   8,    8) (   8,    8) (   8,    8) (   8,    8) (   8,    8)
          (   8,    8) (   8,    8) (   8,    8) (   8,    8) (   8,    8) (   8,    8) (   8,    8) (   8,    8) (   8,    8) (   8,    8)
          (   8,    8) (   8,    8) (   8,    8) (   8,    8) (   8,    8) (   8,    8) (   8,    8) (   8,    8) (   8,    8) (   8,    8)
          (   8,    8) (   8,    8) (   8,    8) (   8,    8) (   8,    8) (   8,    8) (   8,    8) (   8,    8) (   8,    8) (   8,    8)
          (   8,    8) (   8,    8) (   8,    8) (   8,    8) (   8,    8) (   8,    8) (   8,    8) (   8,    8) (   8,    8) (   8,    8)
          (   8,    8) (   8,    8) (   8,    8) (   8,    8) (   8,    8) (   8,    8) (   8,    8) (   8,    8) (   8,    8) (   8,    8)
          (   8,    8) (   8,    8) (   8,    8) (   8,    8) (   8,    8) (   8,    8) (   8,    8) (   8,    8) (   8,    8) (   8,    8)
          (   8,    8) (   8,    8) (   8,    8) (   8,    8) (   8,    8) (   8,    8) (   8,    8) (   8,    8) (   8,    8) (   8,    8)
          (   8,    8) (   8,    8) (   8,    8) (   8,    8) (   8,    8) (   8,    8) (   8,    8) (   8,    8) (   8,    8) (   8,    8)
          (   8,    8) (   8,    8) (   8,    8) (   8,    8) (   8,    8) (   8,    8) (   8,    8) (   8,    8) (   8,    8) (   8,    8)
          (   8,    8) (   8,    8) (   8,    8) (   8,    8) (   8,    8) (   8,    8) (   8,    8) (   8,    8) (   8,    8) (   8,    8)
          (   8,    8) (   8,    8) (   8,    8) (   8,    8) (   8,    8) (   8,    8) (   8,    8) (   8,    8) (   8,    8) (   8,    8)
          (   8,    8) (   8,    8) (   8,    8) (   8,    8) (   8,    8) (   8,    8) (   8,    8) (   8,    8) (   8,    8) (   8,    8)
          (   8,    8) (   8,    8) (   8,    8) (   8,    8) (   8,    8) (   8,    8) (   8,    8) (   8,    8) (   8,    8) (   8,    8)
          (   8,    8) (   8,    8) (   8,    8) (   8,    8) (   8,    8) (   8,    8) (   8,    8) (   8,    8) (   8,    8) (   8,    8)
          (   8,    8) (   8,    8) (   8,    8) (   8,    8) (   8,    8) (   8,    8) (   8,    8) (   8,    8) (   8,    8) (   8,    8)
          (   8,    8) (   8,    8) (   8,    8) (   8,    8) (   8,    8) (   8,    8) (   8,    8) (   8,    8) (   8,    8) (   8,    8)
         
node  10 sent_total   5669  recv_total   5651

